# JRE version: Java(TM) SE Runtime Environment (8.0_45-b15) (build 1.8.0_45-b15)
# Java VM: Java HotSpot(TM) 64-Bit Server VM (25.45-b02 mixed mode windows-amd64 compressed oops)
Heap:
 PSYoungGen      total 56832K, used 36031K [0x00000000f5580000, 0x00000000f8d80000, 0x0000000100000000)
  eden space 55808K, 64% used [0x00000000f5580000,0x00000000f78aff38,0x00000000f8c00000)
  from space 1024K, 0% used [0x00000000f8c00000,0x00000000f8c00000,0x00000000f8d00000)
  to   space 512K, 0% used [0x00000000f8d00000,0x00000000f8d00000,0x00000000f8d80000)
 ParOldGen       total 106496K, used 40771K [0x00000000e0000000, 0x00000000e6800000, 0x00000000f5580000)
  object space 106496K, 38% used [0x00000000e0000000,0x00000000e27d0ed8,0x00000000e6800000)
 Metaspace       used 87660K, capacity 94406K, committed 94720K, reserved 1132544K
  class space    used 10311K, capacity 12475K, committed 12544K, reserved 1048576K
GC Heap History (10 events):
Event: 4821.603 GC heap before
{Heap before GC invocations=208 (full 81):
 PSYoungGen      total 56320K, used 448K [0x00000000f5580000, 0x00000000f8e00000, 0x0000000100000000)
  eden space 55808K, 0% used [0x00000000f5580000,0x00000000f5580000,0x00000000f8c00000)
  from space 512K, 87% used [0x00000000f8c80000,0x00000000f8cf0000,0x00000000f8d00000)
  to   space 1024K, 0% used [0x00000000f8d00000,0x00000000f8d00000,0x00000000f8e00000)
 ParOldGen       total 106496K, used 40706K [0x00000000e0000000, 0x00000000e6800000, 0x00000000f5580000)
  object space 106496K, 38% used [0x00000000e0000000,0x00000000e27c0800,0x00000000e6800000)
 Metaspace       used 86926K, capacity 93816K, committed 94080K, reserved 1130496K
  class space    used 10225K, capacity 12346K, committed 12416K, reserved 1048576K
Event: 4821.704 GC heap after
Heap after GC invocations=208 (full 81):
 PSYoungGen      total 56320K, used 0K [0x00000000f5580000, 0x00000000f8e00000, 0x0000000100000000)
  eden space 55808K, 0% used [0x00000000f5580000,0x00000000f5580000,0x00000000f8c00000)
  from space 512K, 0% used [0x00000000f8c80000,0x00000000f8c80000,0x00000000f8d00000)
  to   space 1024K, 0% used [0x00000000f8d00000,0x00000000f8d00000,0x00000000f8e00000)
 ParOldGen       total 106496K, used 40837K [0x00000000e0000000, 0x00000000e6800000, 0x00000000f5580000)
  object space 106496K, 38% used [0x00000000e0000000,0x00000000e27e1618,0x00000000e6800000)
 Metaspace       used 86926K, capacity 93816K, committed 94080K, reserved 1130496K
  class space    used 10225K, capacity 12346K, committed 12416K, reserved 1048576K
}
Event: 4881.602 GC heap before
{Heap before GC invocations=209 (full 81):
 PSYoungGen      total 56320K, used 3308K [0x00000000f5580000, 0x00000000f8e00000, 0x0000000100000000)
  eden space 55808K, 5% used [0x00000000f5580000,0x00000000f58bb340,0x00000000f8c00000)
  from space 512K, 0% used [0x00000000f8c80000,0x00000000f8c80000,0x00000000f8d00000)
  to   space 1024K, 0% used [0x00000000f8d00000,0x00000000f8d00000,0x00000000f8e00000)
 ParOldGen       total 106496K, used 40837K [0x00000000e0000000, 0x00000000e6800000, 0x00000000f5580000)
  object space 106496K, 38% used [0x00000000e0000000,0x00000000e27e1618,0x00000000e6800000)
 Metaspace       used 86926K, capacity 93816K, committed 94080K, reserved 1130496K
  class space    used 10225K, capacity 12346K, committed 12416K, reserved 1048576K
Event: 4881.607 GC heap after
Heap after GC invocations=209 (full 81):
 PSYoungGen      total 56832K, used 192K [0x00000000f5580000, 0x00000000f8e00000, 0x0000000100000000)
  eden space 55808K, 0% used [0x00000000f5580000,0x00000000f5580000,0x00000000f8c00000)
  from space 1024K, 18% used [0x00000000f8d00000,0x00000000f8d30000,0x00000000f8e00000)
  to   space 1024K, 0% used [0x00000000f8c00000,0x00000000f8c00000,0x00000000f8d00000)
 ParOldGen       total 106496K, used 40837K [0x00000000e0000000, 0x00000000e6800000, 0x00000000f5580000)
  object space 106496K, 38% used [0x00000000e0000000,0x00000000e27e1618,0x00000000e6800000)
 Metaspace       used 86926K, capacity 93816K, committed 94080K, reserved 1130496K
  class space    used 10225K, capacity 12346K, committed 12416K, reserved 1048576K
}
Event: 4881.607 GC heap before
{Heap before GC invocations=210 (full 82):
 PSYoungGen      total 56832K, used 192K [0x00000000f5580000, 0x00000000f8e00000, 0x0000000100000000)
  eden space 55808K, 0% used [0x00000000f5580000,0x00000000f5580000,0x00000000f8c00000)
  from space 1024K, 18% used [0x00000000f8d00000,0x00000000f8d30000,0x00000000f8e00000)
  to   space 1024K, 0% used [0x00000000f8c00000,0x00000000f8c00000,0x00000000f8d00000)
 ParOldGen       total 106496K, used 40837K [0x00000000e0000000, 0x00000000e6800000, 0x00000000f5580000)
  object space 106496K, 38% used [0x00000000e0000000,0x00000000e27e1618,0x00000000e6800000)
 Metaspace       used 86926K, capacity 93816K, committed 94080K, reserved 1130496K
  class space    used 10225K, capacity 12346K, committed 12416K, reserved 1048576K
Event: 4881.710 GC heap after
Heap after GC invocations=210 (full 82):
 PSYoungGen      total 56832K, used 0K [0x00000000f5580000, 0x00000000f8e00000, 0x0000000100000000)
  eden space 55808K, 0% used [0x00000000f5580000,0x00000000f5580000,0x00000000f8c00000)
  from space 1024K, 0% used [0x00000000f8d00000,0x00000000f8d00000,0x00000000f8e00000)
  to   space 1024K, 0% used [0x00000000f8c00000,0x00000000f8c00000,0x00000000f8d00000)
 ParOldGen       total 106496K, used 40706K [0x00000000e0000000, 0x00000000e6800000, 0x00000000f5580000)
  object space 106496K, 38% used [0x00000000e0000000,0x00000000e27c0800,0x00000000e6800000)
 Metaspace       used 86926K, capacity 93816K, committed 94080K, reserved 1130496K
  class space    used 10225K, capacity 12346K, committed 12416K, reserved 1048576K
}
Event: 4941.609 GC heap before
{Heap before GC invocations=211 (full 82):
 PSYoungGen      total 56832K, used 3339K [0x00000000f5580000, 0x00000000f8e00000, 0x0000000100000000)
  eden space 55808K, 5% used [0x00000000f5580000,0x00000000f58c2e80,0x00000000f8c00000)
  from space 1024K, 0% used [0x00000000f8d00000,0x00000000f8d00000,0x00000000f8e00000)
  to   space 1024K, 0% used [0x00000000f8c00000,0x00000000f8c00000,0x00000000f8d00000)
 ParOldGen       total 106496K, used 40706K [0x00000000e0000000, 0x00000000e6800000, 0x00000000f5580000)
  object space 106496K, 38% used [0x00000000e0000000,0x00000000e27c0800,0x00000000e6800000)
 Metaspace       used 86928K, capacity 93816K, committed 94080K, reserved 1130496K
  class space    used 10225K, capacity 12346K, committed 12416K, reserved 1048576K
Event: 4941.614 GC heap after
Heap after GC invocations=211 (full 82):
 PSYoungGen      total 56832K, used 224K [0x00000000f5580000, 0x00000000f8d80000, 0x0000000100000000)
  eden space 55808K, 0% used [0x00000000f5580000,0x00000000f5580000,0x00000000f8c00000)
  from space 1024K, 21% used [0x00000000f8c00000,0x00000000f8c38000,0x00000000f8d00000)
  to   space 512K, 0% used [0x00000000f8d00000,0x00000000f8d00000,0x00000000f8d80000)
 ParOldGen       total 106496K, used 40706K [0x00000000e0000000, 0x00000000e6800000, 0x00000000f5580000)
  object space 106496K, 38% used [0x00000000e0000000,0x00000000e27c0800,0x00000000e6800000)
 Metaspace       used 86928K, capacity 93816K, committed 94080K, reserved 1130496K
  class space    used 10225K, capacity 12346K, committed 12416K, reserved 1048576K
}
Event: 4941.614 GC heap before
{Heap before GC invocations=212 (full 83):
 PSYoungGen      total 56832K, used 224K [0x00000000f5580000, 0x00000000f8d80000, 0x0000000100000000)
  eden space 55808K, 0% used [0x00000000f5580000,0x00000000f5580000,0x00000000f8c00000)
  from space 1024K, 21% used [0x00000000f8c00000,0x00000000f8c38000,0x00000000f8d00000)
  to   space 512K, 0% used [0x00000000f8d00000,0x00000000f8d00000,0x00000000f8d80000)
 ParOldGen       total 106496K, used 40706K [0x00000000e0000000, 0x00000000e6800000, 0x00000000f5580000)
  object space 106496K, 38% used [0x00000000e0000000,0x00000000e27c0800,0x00000000e6800000)
 Metaspace       used 86928K, capacity 93816K, committed 94080K, reserved 1130496K
  class space    used 10225K, capacity 12346K, committed 12416K, reserved 1048576K
Event: 4941.766 GC heap after
Heap after GC invocations=212 (full 83):
 PSYoungGen      total 56832K, used 0K [0x00000000f5580000, 0x00000000f8d80000, 0x0000000100000000)
  eden space 55808K, 0% used [0x00000000f5580000,0x00000000f5580000,0x00000000f8c00000)
  from space 1024K, 0% used [0x00000000f8c00000,0x00000000f8c00000,0x00000000f8d00000)
  to   space 512K, 0% used [0x00000000f8d00000,0x00000000f8d00000,0x00000000f8d80000)
 ParOldGen       total 106496K, used 40771K [0x00000000e0000000, 0x00000000e6800000, 0x00000000f5580000)
  object space 106496K, 38% used [0x00000000e0000000,0x00000000e27d0ed8,0x00000000e6800000)
 Metaspace       used 86928K, capacity 93816K, committed 94080K, reserved 1130496K
  class space    used 10225K, capacity 12346K, committed 12416K, reserved 1048576K
}

