# JRE version: Java(TM) SE Runtime Environment (8.0_45-b15) (build 1.8.0_45-b15)
# Java VM: Java HotSpot(TM) 64-Bit Server VM (25.45-b02 mixed mode windows-amd64 compressed oops)
Heap:
 PSYoungGen      total 81408K, used 31055K [0x00000000f5580000, 0x00000000faf80000, 0x0000000100000000)
  eden space 80896K, 38% used [0x00000000f5580000,0x00000000f73d3c10,0x00000000fa480000)
  from space 512K, 0% used [0x00000000fa480000,0x00000000fa480000,0x00000000fa500000)
  to   space 5632K, 0% used [0x00000000faa00000,0x00000000faa00000,0x00000000faf80000)
 ParOldGen       total 87552K, used 36585K [0x00000000e0000000, 0x00000000e5580000, 0x00000000f5580000)
  object space 87552K, 41% used [0x00000000e0000000,0x00000000e23ba710,0x00000000e5580000)
 Metaspace       used 80745K, capacity 87164K, committed 87424K, reserved 1124352K
  class space    used 10031K, capacity 12060K, committed 12160K, reserved 1048576K
GC Heap History (10 events):
Event: 1765.973 GC heap before
{Heap before GC invocations=75 (full 32):
 PSYoungGen      total 81408K, used 192K [0x00000000f5580000, 0x00000000fb180000, 0x0000000100000000)
  eden space 80896K, 0% used [0x00000000f5580000,0x00000000f5580000,0x00000000fa480000)
  from space 512K, 37% used [0x00000000fa480000,0x00000000fa4b0000,0x00000000fa500000)
  to   space 6656K, 0% used [0x00000000fab00000,0x00000000fab00000,0x00000000fb180000)
 ParOldGen       total 87552K, used 36591K [0x00000000e0000000, 0x00000000e5580000, 0x00000000f5580000)
  object space 87552K, 41% used [0x00000000e0000000,0x00000000e23bbf80,0x00000000e5580000)
 Metaspace       used 79702K, capacity 86382K, committed 86528K, reserved 1124352K
  class space    used 9911K, capacity 11995K, committed 12032K, reserved 1048576K
Event: 1766.124 GC heap after
Heap after GC invocations=75 (full 32):
 PSYoungGen      total 81408K, used 0K [0x00000000f5580000, 0x00000000fb180000, 0x0000000100000000)
  eden space 80896K, 0% used [0x00000000f5580000,0x00000000f5580000,0x00000000fa480000)
  from space 512K, 0% used [0x00000000fa480000,0x00000000fa480000,0x00000000fa500000)
  to   space 6656K, 0% used [0x00000000fab00000,0x00000000fab00000,0x00000000fb180000)
 ParOldGen       total 87552K, used 36584K [0x00000000e0000000, 0x00000000e5580000, 0x00000000f5580000)
  object space 87552K, 41% used [0x00000000e0000000,0x00000000e23ba2c8,0x00000000e5580000)
 Metaspace       used 79702K, capacity 86382K, committed 86528K, reserved 1124352K
  class space    used 9911K, capacity 11995K, committed 12032K, reserved 1048576K
}
Event: 1825.981 GC heap before
{Heap before GC invocations=76 (full 32):
 PSYoungGen      total 81408K, used 9789K [0x00000000f5580000, 0x00000000fb180000, 0x0000000100000000)
  eden space 80896K, 12% used [0x00000000f5580000,0x00000000f5f0f538,0x00000000fa480000)
  from space 512K, 0% used [0x00000000fa480000,0x00000000fa480000,0x00000000fa500000)
  to   space 6656K, 0% used [0x00000000fab00000,0x00000000fab00000,0x00000000fb180000)
 ParOldGen       total 87552K, used 36584K [0x00000000e0000000, 0x00000000e5580000, 0x00000000f5580000)
  object space 87552K, 41% used [0x00000000e0000000,0x00000000e23ba2c8,0x00000000e5580000)
 Metaspace       used 79709K, capacity 86382K, committed 86528K, reserved 1124352K
  class space    used 9911K, capacity 11995K, committed 12032K, reserved 1048576K
Event: 1825.989 GC heap after
Heap after GC invocations=76 (full 32):
 PSYoungGen      total 86528K, used 416K [0x00000000f5580000, 0x00000000fb080000, 0x0000000100000000)
  eden space 80896K, 0% used [0x00000000f5580000,0x00000000f5580000,0x00000000fa480000)
  from space 5632K, 7% used [0x00000000fab00000,0x00000000fab68000,0x00000000fb080000)
  to   space 6144K, 0% used [0x00000000fa480000,0x00000000fa480000,0x00000000faa80000)
 ParOldGen       total 87552K, used 36584K [0x00000000e0000000, 0x00000000e5580000, 0x00000000f5580000)
  object space 87552K, 41% used [0x00000000e0000000,0x00000000e23ba2c8,0x00000000e5580000)
 Metaspace       used 79709K, capacity 86382K, committed 86528K, reserved 1124352K
  class space    used 9911K, capacity 11995K, committed 12032K, reserved 1048576K
}
Event: 1825.990 GC heap before
{Heap before GC invocations=77 (full 33):
 PSYoungGen      total 86528K, used 416K [0x00000000f5580000, 0x00000000fb080000, 0x0000000100000000)
  eden space 80896K, 0% used [0x00000000f5580000,0x00000000f5580000,0x00000000fa480000)
  from space 5632K, 7% used [0x00000000fab00000,0x00000000fab68000,0x00000000fb080000)
  to   space 6144K, 0% used [0x00000000fa480000,0x00000000fa480000,0x00000000faa80000)
 ParOldGen       total 87552K, used 36584K [0x00000000e0000000, 0x00000000e5580000, 0x00000000f5580000)
  object space 87552K, 41% used [0x00000000e0000000,0x00000000e23ba2c8,0x00000000e5580000)
 Metaspace       used 79709K, capacity 86382K, committed 86528K, reserved 1124352K
  class space    used 9911K, capacity 11995K, committed 12032K, reserved 1048576K
Event: 1826.188 GC heap after
Heap after GC invocations=77 (full 33):
 PSYoungGen      total 86528K, used 0K [0x00000000f5580000, 0x00000000fb080000, 0x0000000100000000)
  eden space 80896K, 0% used [0x00000000f5580000,0x00000000f5580000,0x00000000fa480000)
  from space 5632K, 0% used [0x00000000fab00000,0x00000000fab00000,0x00000000fb080000)
  to   space 6144K, 0% used [0x00000000fa480000,0x00000000fa480000,0x00000000faa80000)
 ParOldGen       total 87552K, used 36709K [0x00000000e0000000, 0x00000000e5580000, 0x00000000f5580000)
  object space 87552K, 41% used [0x00000000e0000000,0x00000000e23d9408,0x00000000e5580000)
 Metaspace       used 79709K, capacity 86382K, committed 86528K, reserved 1124352K
  class space    used 9911K, capacity 11995K, committed 12032K, reserved 1048576K
}
Event: 1885.998 GC heap before
{Heap before GC invocations=78 (full 33):
 PSYoungGen      total 86528K, used 3794K [0x00000000f5580000, 0x00000000fb080000, 0x0000000100000000)
  eden space 80896K, 4% used [0x00000000f5580000,0x00000000f59349a8,0x00000000fa480000)
  from space 5632K, 0% used [0x00000000fab00000,0x00000000fab00000,0x00000000fb080000)
  to   space 6144K, 0% used [0x00000000fa480000,0x00000000fa480000,0x00000000faa80000)
 ParOldGen       total 87552K, used 36709K [0x00000000e0000000, 0x00000000e5580000, 0x00000000f5580000)
  object space 87552K, 41% used [0x00000000e0000000,0x00000000e23d9408,0x00000000e5580000)
 Metaspace       used 79714K, capacity 86382K, committed 86528K, reserved 1124352K
  class space    used 9911K, capacity 11995K, committed 12032K, reserved 1048576K
Event: 1886.000 GC heap after
Heap after GC invocations=78 (full 33):
 PSYoungGen      total 81408K, used 160K [0x00000000f5580000, 0x00000000faf80000, 0x0000000100000000)
  eden space 80896K, 0% used [0x00000000f5580000,0x00000000f5580000,0x00000000fa480000)
  from space 512K, 31% used [0x00000000fa480000,0x00000000fa4a8000,0x00000000fa500000)
  to   space 5632K, 0% used [0x00000000faa00000,0x00000000faa00000,0x00000000faf80000)
 ParOldGen       total 87552K, used 36717K [0x00000000e0000000, 0x00000000e5580000, 0x00000000f5580000)
  object space 87552K, 41% used [0x00000000e0000000,0x00000000e23db408,0x00000000e5580000)
 Metaspace       used 79714K, capacity 86382K, committed 86528K, reserved 1124352K
  class space    used 9911K, capacity 11995K, committed 12032K, reserved 1048576K
}
Event: 1886.000 GC heap before
{Heap before GC invocations=79 (full 34):
 PSYoungGen      total 81408K, used 160K [0x00000000f5580000, 0x00000000faf80000, 0x0000000100000000)
  eden space 80896K, 0% used [0x00000000f5580000,0x00000000f5580000,0x00000000fa480000)
  from space 512K, 31% used [0x00000000fa480000,0x00000000fa4a8000,0x00000000fa500000)
  to   space 5632K, 0% used [0x00000000faa00000,0x00000000faa00000,0x00000000faf80000)
 ParOldGen       total 87552K, used 36717K [0x00000000e0000000, 0x00000000e5580000, 0x00000000f5580000)
  object space 87552K, 41% used [0x00000000e0000000,0x00000000e23db408,0x00000000e5580000)
 Metaspace       used 79714K, capacity 86382K, committed 86528K, reserved 1124352K
  class space    used 9911K, capacity 11995K, committed 12032K, reserved 1048576K
Event: 1886.127 GC heap after
Heap after GC invocations=79 (full 34):
 PSYoungGen      total 81408K, used 0K [0x00000000f5580000, 0x00000000faf80000, 0x0000000100000000)
  eden space 80896K, 0% used [0x00000000f5580000,0x00000000f5580000,0x00000000fa480000)
  from space 512K, 0% used [0x00000000fa480000,0x00000000fa480000,0x00000000fa500000)
  to   space 5632K, 0% used [0x00000000faa00000,0x00000000faa00000,0x00000000faf80000)
 ParOldGen       total 87552K, used 36585K [0x00000000e0000000, 0x00000000e5580000, 0x00000000f5580000)
  object space 87552K, 41% used [0x00000000e0000000,0x00000000e23ba710,0x00000000e5580000)
 Metaspace       used 79714K, capacity 86382K, committed 86528K, reserved 1124352K
  class space    used 9911K, capacity 11995K, committed 12032K, reserved 1048576K
}

