# JRE version: Java(TM) SE Runtime Environment (8.0_45-b15) (build 1.8.0_45-b15)
# Java VM: Java HotSpot(TM) 64-Bit Server VM (25.45-b02 mixed mode windows-amd64 compressed oops)
Heap:
 PSYoungGen      total 57344K, used 35589K [0x00000000f5580000, 0x00000000f8e80000, 0x0000000100000000)
  eden space 56320K, 63% used [0x00000000f5580000,0x00000000f7841658,0x00000000f8c80000)
  from space 1024K, 0% used [0x00000000f8c80000,0x00000000f8c80000,0x00000000f8d80000)
  to   space 1024K, 0% used [0x00000000f8d80000,0x00000000f8d80000,0x00000000f8e80000)
 ParOldGen       total 110080K, used 40047K [0x00000000e0000000, 0x00000000e6b80000, 0x00000000f5580000)
  object space 110080K, 36% used [0x00000000e0000000,0x00000000e271bd28,0x00000000e6b80000)
 Metaspace       used 86044K, capacity 92920K, committed 93184K, reserved 1130496K
  class space    used 10332K, capacity 12477K, committed 12544K, reserved 1048576K
GC Heap History (10 events):
Event: 3858.284 GC heap before
{Heap before GC invocations=161 (full 66):
 PSYoungGen      total 57344K, used 192K [0x00000000f5580000, 0x00000000f8e80000, 0x0000000100000000)
  eden space 56320K, 0% used [0x00000000f5580000,0x00000000f5580000,0x00000000f8c80000)
  from space 1024K, 18% used [0x00000000f8c80000,0x00000000f8cb0000,0x00000000f8d80000)
  to   space 1024K, 0% used [0x00000000f8d80000,0x00000000f8d80000,0x00000000f8e80000)
 ParOldGen       total 110080K, used 40046K [0x00000000e0000000, 0x00000000e6b80000, 0x00000000f5580000)
  object space 110080K, 36% used [0x00000000e0000000,0x00000000e271bb68,0x00000000e6b80000)
 Metaspace       used 85055K, capacity 92138K, committed 92288K, reserved 1128448K
  class space    used 10217K, capacity 12348K, committed 12416K, reserved 1048576K
Event: 3858.352 GC heap after
Heap after GC invocations=161 (full 66):
 PSYoungGen      total 57344K, used 0K [0x00000000f5580000, 0x00000000f8e80000, 0x0000000100000000)
  eden space 56320K, 0% used [0x00000000f5580000,0x00000000f5580000,0x00000000f8c80000)
  from space 1024K, 0% used [0x00000000f8c80000,0x00000000f8c80000,0x00000000f8d80000)
  to   space 1024K, 0% used [0x00000000f8d80000,0x00000000f8d80000,0x00000000f8e80000)
 ParOldGen       total 110080K, used 40046K [0x00000000e0000000, 0x00000000e6b80000, 0x00000000f5580000)
  object space 110080K, 36% used [0x00000000e0000000,0x00000000e271bb68,0x00000000e6b80000)
 Metaspace       used 85055K, capacity 92138K, committed 92288K, reserved 1128448K
  class space    used 10217K, capacity 12348K, committed 12416K, reserved 1048576K
}
Event: 3918.291 GC heap before
{Heap before GC invocations=162 (full 66):
 PSYoungGen      total 57344K, used 8836K [0x00000000f5580000, 0x00000000f8e80000, 0x0000000100000000)
  eden space 56320K, 15% used [0x00000000f5580000,0x00000000f5e211c0,0x00000000f8c80000)
  from space 1024K, 0% used [0x00000000f8c80000,0x00000000f8c80000,0x00000000f8d80000)
  to   space 1024K, 0% used [0x00000000f8d80000,0x00000000f8d80000,0x00000000f8e80000)
 ParOldGen       total 110080K, used 40046K [0x00000000e0000000, 0x00000000e6b80000, 0x00000000f5580000)
  object space 110080K, 36% used [0x00000000e0000000,0x00000000e271bb68,0x00000000e6b80000)
 Metaspace       used 85057K, capacity 92138K, committed 92288K, reserved 1128448K
  class space    used 10217K, capacity 12348K, committed 12416K, reserved 1048576K
Event: 3918.293 GC heap after
Heap after GC invocations=162 (full 66):
 PSYoungGen      total 57344K, used 480K [0x00000000f5580000, 0x00000000f8e80000, 0x0000000100000000)
  eden space 56320K, 0% used [0x00000000f5580000,0x00000000f5580000,0x00000000f8c80000)
  from space 1024K, 46% used [0x00000000f8d80000,0x00000000f8df8000,0x00000000f8e80000)
  to   space 1024K, 0% used [0x00000000f8c80000,0x00000000f8c80000,0x00000000f8d80000)
 ParOldGen       total 110080K, used 40046K [0x00000000e0000000, 0x00000000e6b80000, 0x00000000f5580000)
  object space 110080K, 36% used [0x00000000e0000000,0x00000000e271bb68,0x00000000e6b80000)
 Metaspace       used 85057K, capacity 92138K, committed 92288K, reserved 1128448K
  class space    used 10217K, capacity 12348K, committed 12416K, reserved 1048576K
}
Event: 3918.293 GC heap before
{Heap before GC invocations=163 (full 67):
 PSYoungGen      total 57344K, used 480K [0x00000000f5580000, 0x00000000f8e80000, 0x0000000100000000)
  eden space 56320K, 0% used [0x00000000f5580000,0x00000000f5580000,0x00000000f8c80000)
  from space 1024K, 46% used [0x00000000f8d80000,0x00000000f8df8000,0x00000000f8e80000)
  to   space 1024K, 0% used [0x00000000f8c80000,0x00000000f8c80000,0x00000000f8d80000)
 ParOldGen       total 110080K, used 40046K [0x00000000e0000000, 0x00000000e6b80000, 0x00000000f5580000)
  object space 110080K, 36% used [0x00000000e0000000,0x00000000e271bb68,0x00000000e6b80000)
 Metaspace       used 85057K, capacity 92138K, committed 92288K, reserved 1128448K
  class space    used 10217K, capacity 12348K, committed 12416K, reserved 1048576K
Event: 3918.362 GC heap after
Heap after GC invocations=163 (full 67):
 PSYoungGen      total 57344K, used 0K [0x00000000f5580000, 0x00000000f8e80000, 0x0000000100000000)
  eden space 56320K, 0% used [0x00000000f5580000,0x00000000f5580000,0x00000000f8c80000)
  from space 1024K, 0% used [0x00000000f8d80000,0x00000000f8d80000,0x00000000f8e80000)
  to   space 1024K, 0% used [0x00000000f8c80000,0x00000000f8c80000,0x00000000f8d80000)
 ParOldGen       total 110080K, used 40178K [0x00000000e0000000, 0x00000000e6b80000, 0x00000000f5580000)
  object space 110080K, 36% used [0x00000000e0000000,0x00000000e273cbc8,0x00000000e6b80000)
 Metaspace       used 85057K, capacity 92138K, committed 92288K, reserved 1128448K
  class space    used 10217K, capacity 12348K, committed 12416K, reserved 1048576K
}
Event: 3978.306 GC heap before
{Heap before GC invocations=164 (full 67):
 PSYoungGen      total 57344K, used 3415K [0x00000000f5580000, 0x00000000f8e80000, 0x0000000100000000)
  eden space 56320K, 6% used [0x00000000f5580000,0x00000000f58d5eb8,0x00000000f8c80000)
  from space 1024K, 0% used [0x00000000f8d80000,0x00000000f8d80000,0x00000000f8e80000)
  to   space 1024K, 0% used [0x00000000f8c80000,0x00000000f8c80000,0x00000000f8d80000)
 ParOldGen       total 110080K, used 40178K [0x00000000e0000000, 0x00000000e6b80000, 0x00000000f5580000)
  object space 110080K, 36% used [0x00000000e0000000,0x00000000e273cbc8,0x00000000e6b80000)
 Metaspace       used 85057K, capacity 92138K, committed 92288K, reserved 1128448K
  class space    used 10217K, capacity 12348K, committed 12416K, reserved 1048576K
Event: 3978.310 GC heap after
Heap after GC invocations=164 (full 67):
 PSYoungGen      total 57344K, used 192K [0x00000000f5580000, 0x00000000f8e80000, 0x0000000100000000)
  eden space 56320K, 0% used [0x00000000f5580000,0x00000000f5580000,0x00000000f8c80000)
  from space 1024K, 18% used [0x00000000f8c80000,0x00000000f8cb0000,0x00000000f8d80000)
  to   space 1024K, 0% used [0x00000000f8d80000,0x00000000f8d80000,0x00000000f8e80000)
 ParOldGen       total 110080K, used 40178K [0x00000000e0000000, 0x00000000e6b80000, 0x00000000f5580000)
  object space 110080K, 36% used [0x00000000e0000000,0x00000000e273cbc8,0x00000000e6b80000)
 Metaspace       used 85057K, capacity 92138K, committed 92288K, reserved 1128448K
  class space    used 10217K, capacity 12348K, committed 12416K, reserved 1048576K
}
Event: 3978.310 GC heap before
{Heap before GC invocations=165 (full 68):
 PSYoungGen      total 57344K, used 192K [0x00000000f5580000, 0x00000000f8e80000, 0x0000000100000000)
  eden space 56320K, 0% used [0x00000000f5580000,0x00000000f5580000,0x00000000f8c80000)
  from space 1024K, 18% used [0x00000000f8c80000,0x00000000f8cb0000,0x00000000f8d80000)
  to   space 1024K, 0% used [0x00000000f8d80000,0x00000000f8d80000,0x00000000f8e80000)
 ParOldGen       total 110080K, used 40178K [0x00000000e0000000, 0x00000000e6b80000, 0x00000000f5580000)
  object space 110080K, 36% used [0x00000000e0000000,0x00000000e273cbc8,0x00000000e6b80000)
 Metaspace       used 85057K, capacity 92138K, committed 92288K, reserved 1128448K
  class space    used 10217K, capacity 12348K, committed 12416K, reserved 1048576K
Event: 3978.395 GC heap after
Heap after GC invocations=165 (full 68):
 PSYoungGen      total 57344K, used 0K [0x00000000f5580000, 0x00000000f8e80000, 0x0000000100000000)
  eden space 56320K, 0% used [0x00000000f5580000,0x00000000f5580000,0x00000000f8c80000)
  from space 1024K, 0% used [0x00000000f8c80000,0x00000000f8c80000,0x00000000f8d80000)
  to   space 1024K, 0% used [0x00000000f8d80000,0x00000000f8d80000,0x00000000f8e80000)
 ParOldGen       total 110080K, used 40047K [0x00000000e0000000, 0x00000000e6b80000, 0x00000000f5580000)
  object space 110080K, 36% used [0x00000000e0000000,0x00000000e271bd28,0x00000000e6b80000)
 Metaspace       used 85057K, capacity 92138K, committed 92288K, reserved 1128448K
  class space    used 10217K, capacity 12348K, committed 12416K, reserved 1048576K
}

