# JRE version: Java(TM) SE Runtime Environment (8.0_45-b15) (build 1.8.0_45-b15)
# Java VM: Java HotSpot(TM) 64-Bit Server VM (25.45-b02 mixed mode windows-amd64 compressed oops)
Heap:
 PSYoungGen      total 101888K, used 26246K [0x00000000f5580000, 0x00000000fc780000, 0x0000000100000000)
  eden space 89088K, 29% used [0x00000000f5580000,0x00000000f6f218f0,0x00000000fac80000)
  from space 12800K, 0% used [0x00000000fbb00000,0x00000000fbb00000,0x00000000fc780000)
  to   space 13824K, 0% used [0x00000000fac80000,0x00000000fac80000,0x00000000fba00000)
 ParOldGen       total 115200K, used 41288K [0x00000000e0000000, 0x00000000e7080000, 0x00000000f5580000)
  object space 115200K, 35% used [0x00000000e0000000,0x00000000e2852050,0x00000000e7080000)
 Metaspace       used 82510K, capacity 89408K, committed 89600K, reserved 1126400K
  class space    used 9789K, capacity 11929K, committed 12032K, reserved 1048576K
GC Heap History (10 events):
Event: 430.625 GC heap before
{Heap before GC invocations=37 (full 9):
 PSYoungGen      total 104960K, used 61098K [0x00000000f5580000, 0x00000000fcc00000, 0x0000000100000000)
  eden space 88064K, 68% used [0x00000000f5580000,0x00000000f9042aa0,0x00000000fab80000)
  from space 16896K, 5% used [0x00000000fab80000,0x00000000fac67e50,0x00000000fbc00000)
  to   space 16384K, 0% used [0x00000000fbc00000,0x00000000fbc00000,0x00000000fcc00000)
 ParOldGen       total 115200K, used 50166K [0x00000000e0000000, 0x00000000e7080000, 0x00000000f5580000)
  object space 115200K, 43% used [0x00000000e0000000,0x00000000e30fdb00,0x00000000e7080000)
 Metaspace       used 81549K, capacity 88398K, committed 88704K, reserved 1126400K
  class space    used 9701K, capacity 11804K, committed 11904K, reserved 1048576K
Event: 430.635 GC heap after
Heap after GC invocations=37 (full 9):
 PSYoungGen      total 102912K, used 2619K [0x00000000f5580000, 0x00000000fca00000, 0x0000000100000000)
  eden space 88576K, 0% used [0x00000000f5580000,0x00000000f5580000,0x00000000fac00000)
  from space 14336K, 18% used [0x00000000fbc00000,0x00000000fbe8ed40,0x00000000fca00000)
  to   space 15360K, 0% used [0x00000000fac00000,0x00000000fac00000,0x00000000fbb00000)
 ParOldGen       total 115200K, used 50174K [0x00000000e0000000, 0x00000000e7080000, 0x00000000f5580000)
  object space 115200K, 43% used [0x00000000e0000000,0x00000000e30ffb00,0x00000000e7080000)
 Metaspace       used 81549K, capacity 88398K, committed 88704K, reserved 1126400K
  class space    used 9701K, capacity 11804K, committed 11904K, reserved 1048576K
}
Event: 430.635 GC heap before
{Heap before GC invocations=38 (full 10):
 PSYoungGen      total 102912K, used 2619K [0x00000000f5580000, 0x00000000fca00000, 0x0000000100000000)
  eden space 88576K, 0% used [0x00000000f5580000,0x00000000f5580000,0x00000000fac00000)
  from space 14336K, 18% used [0x00000000fbc00000,0x00000000fbe8ed40,0x00000000fca00000)
  to   space 15360K, 0% used [0x00000000fac00000,0x00000000fac00000,0x00000000fbb00000)
 ParOldGen       total 115200K, used 50174K [0x00000000e0000000, 0x00000000e7080000, 0x00000000f5580000)
  object space 115200K, 43% used [0x00000000e0000000,0x00000000e30ffb00,0x00000000e7080000)
 Metaspace       used 81549K, capacity 88398K, committed 88704K, reserved 1126400K
  class space    used 9701K, capacity 11804K, committed 11904K, reserved 1048576K
Event: 430.760 GC heap after
Heap after GC invocations=38 (full 10):
 PSYoungGen      total 102912K, used 0K [0x00000000f5580000, 0x00000000fca00000, 0x0000000100000000)
  eden space 88576K, 0% used [0x00000000f5580000,0x00000000f5580000,0x00000000fac00000)
  from space 14336K, 0% used [0x00000000fbc00000,0x00000000fbc00000,0x00000000fca00000)
  to   space 15360K, 0% used [0x00000000fac00000,0x00000000fac00000,0x00000000fbb00000)
 ParOldGen       total 115200K, used 49981K [0x00000000e0000000, 0x00000000e7080000, 0x00000000f5580000)
  object space 115200K, 43% used [0x00000000e0000000,0x00000000e30cf420,0x00000000e7080000)
 Metaspace       used 81549K, capacity 88398K, committed 88704K, reserved 1126400K
  class space    used 9701K, capacity 11804K, committed 11904K, reserved 1048576K
}
Event: 450.467 GC heap before
{Heap before GC invocations=39 (full 10):
 PSYoungGen      total 102912K, used 88576K [0x00000000f5580000, 0x00000000fca00000, 0x0000000100000000)
  eden space 88576K, 100% used [0x00000000f5580000,0x00000000fac00000,0x00000000fac00000)
  from space 14336K, 0% used [0x00000000fbc00000,0x00000000fbc00000,0x00000000fca00000)
  to   space 15360K, 0% used [0x00000000fac00000,0x00000000fac00000,0x00000000fbb00000)
 ParOldGen       total 115200K, used 49981K [0x00000000e0000000, 0x00000000e7080000, 0x00000000f5580000)
  object space 115200K, 43% used [0x00000000e0000000,0x00000000e30cf420,0x00000000e7080000)
 Metaspace       used 81694K, capacity 88718K, committed 88960K, reserved 1126400K
  class space    used 9701K, capacity 11804K, committed 11904K, reserved 1048576K
Event: 450.471 GC heap after
Heap after GC invocations=39 (full 10):
 PSYoungGen      total 103936K, used 2424K [0x00000000f5580000, 0x00000000fc980000, 0x0000000100000000)
  eden space 88576K, 0% used [0x00000000f5580000,0x00000000f5580000,0x00000000fac00000)
  from space 15360K, 15% used [0x00000000fac00000,0x00000000fae5e040,0x00000000fbb00000)
  to   space 14848K, 0% used [0x00000000fbb00000,0x00000000fbb00000,0x00000000fc980000)
 ParOldGen       total 115200K, used 49989K [0x00000000e0000000, 0x00000000e7080000, 0x00000000f5580000)
  object space 115200K, 43% used [0x00000000e0000000,0x00000000e30d1420,0x00000000e7080000)
 Metaspace       used 81694K, capacity 88718K, committed 88960K, reserved 1126400K
  class space    used 9701K, capacity 11804K, committed 11904K, reserved 1048576K
}
Event: 490.646 GC heap before
{Heap before GC invocations=40 (full 10):
 PSYoungGen      total 103936K, used 18910K [0x00000000f5580000, 0x00000000fc980000, 0x0000000100000000)
  eden space 88576K, 18% used [0x00000000f5580000,0x00000000f6599a78,0x00000000fac00000)
  from space 15360K, 15% used [0x00000000fac00000,0x00000000fae5e040,0x00000000fbb00000)
  to   space 14848K, 0% used [0x00000000fbb00000,0x00000000fbb00000,0x00000000fc980000)
 ParOldGen       total 115200K, used 49989K [0x00000000e0000000, 0x00000000e7080000, 0x00000000f5580000)
  object space 115200K, 43% used [0x00000000e0000000,0x00000000e30d1420,0x00000000e7080000)
 Metaspace       used 81710K, capacity 88718K, committed 88960K, reserved 1126400K
  class space    used 9701K, capacity 11804K, committed 11904K, reserved 1048576K
Event: 490.656 GC heap after
Heap after GC invocations=40 (full 10):
 PSYoungGen      total 101888K, used 2488K [0x00000000f5580000, 0x00000000fc780000, 0x0000000100000000)
  eden space 89088K, 0% used [0x00000000f5580000,0x00000000f5580000,0x00000000fac80000)
  from space 12800K, 19% used [0x00000000fbb00000,0x00000000fbd6e1b0,0x00000000fc780000)
  to   space 13824K, 0% used [0x00000000fac80000,0x00000000fac80000,0x00000000fba00000)
 ParOldGen       total 115200K, used 49997K [0x00000000e0000000, 0x00000000e7080000, 0x00000000f5580000)
  object space 115200K, 43% used [0x00000000e0000000,0x00000000e30d3420,0x00000000e7080000)
 Metaspace       used 81710K, capacity 88718K, committed 88960K, reserved 1126400K
  class space    used 9701K, capacity 11804K, committed 11904K, reserved 1048576K
}
Event: 490.656 GC heap before
{Heap before GC invocations=41 (full 11):
 PSYoungGen      total 101888K, used 2488K [0x00000000f5580000, 0x00000000fc780000, 0x0000000100000000)
  eden space 89088K, 0% used [0x00000000f5580000,0x00000000f5580000,0x00000000fac80000)
  from space 12800K, 19% used [0x00000000fbb00000,0x00000000fbd6e1b0,0x00000000fc780000)
  to   space 13824K, 0% used [0x00000000fac80000,0x00000000fac80000,0x00000000fba00000)
 ParOldGen       total 115200K, used 49997K [0x00000000e0000000, 0x00000000e7080000, 0x00000000f5580000)
  object space 115200K, 43% used [0x00000000e0000000,0x00000000e30d3420,0x00000000e7080000)
 Metaspace       used 81710K, capacity 88718K, committed 88960K, reserved 1126400K
  class space    used 9701K, capacity 11804K, committed 11904K, reserved 1048576K
Event: 490.856 GC heap after
Heap after GC invocations=41 (full 11):
 PSYoungGen      total 101888K, used 0K [0x00000000f5580000, 0x00000000fc780000, 0x0000000100000000)
  eden space 89088K, 0% used [0x00000000f5580000,0x00000000f5580000,0x00000000fac80000)
  from space 12800K, 0% used [0x00000000fbb00000,0x00000000fbb00000,0x00000000fc780000)
  to   space 13824K, 0% used [0x00000000fac80000,0x00000000fac80000,0x00000000fba00000)
 ParOldGen       total 115200K, used 41288K [0x00000000e0000000, 0x00000000e7080000, 0x00000000f5580000)
  object space 115200K, 35% used [0x00000000e0000000,0x00000000e2852050,0x00000000e7080000)
 Metaspace       used 81692K, capacity 88688K, committed 88960K, reserved 1126400K
  class space    used 9698K, capacity 11799K, committed 11904K, reserved 1048576K
}

