# JRE version: Java(TM) SE Runtime Environment (8.0_25-b18) (build 1.8.0_25-b18)
# Java VM: Java HotSpot(TM) 64-Bit Server VM (25.25-b02 mixed mode windows-amd64 compressed oops)
Heap:
 PSYoungGen      total 85504K, used 25268K [0x00000000f5580000, 0x00000000fac80000, 0x0000000100000000)
  eden space 81920K, 30% used [0x00000000f5580000,0x00000000f6e2d280,0x00000000fa580000)
  from space 3584K, 0% used [0x00000000fa900000,0x00000000fa900000,0x00000000fac80000)
  to   space 3584K, 0% used [0x00000000fa580000,0x00000000fa580000,0x00000000fa900000)
 ParOldGen       total 84480K, used 32683K [0x00000000e0000000, 0x00000000e5280000, 0x00000000f5580000)
  object space 84480K, 38% used [0x00000000e0000000,0x00000000e1feafd0,0x00000000e5280000)
 Metaspace       used 78486K, capacity 84360K, committed 84696K, reserved 1122304K
  class space    used 9522K, capacity 11451K, committed 11480K, reserved 1048576K
GC Heap History (10 events):
Event: 2080.948 GC heap before
{Heap before GC invocations=85 (full 37):
 PSYoungGen      total 85504K, used 192K [0x00000000f5580000, 0x00000000fad80000, 0x0000000100000000)
  eden space 81920K, 0% used [0x00000000f5580000,0x00000000f5580000,0x00000000fa580000)
  from space 3584K, 5% used [0x00000000faa00000,0x00000000faa30000,0x00000000fad80000)
  to   space 4096K, 0% used [0x00000000fa580000,0x00000000fa580000,0x00000000fa980000)
 ParOldGen       total 84480K, used 32690K [0x00000000e0000000, 0x00000000e5280000, 0x00000000f5580000)
  object space 84480K, 38% used [0x00000000e0000000,0x00000000e1fec828,0x00000000e5280000)
 Metaspace       used 77528K, capacity 83206K, committed 83544K, reserved 1122304K
  class space    used 9406K, capacity 11222K, committed 11352K, reserved 1048576K
Event: 2081.065 GC heap after
Heap after GC invocations=85 (full 37):
 PSYoungGen      total 85504K, used 0K [0x00000000f5580000, 0x00000000fad80000, 0x0000000100000000)
  eden space 81920K, 0% used [0x00000000f5580000,0x00000000f5580000,0x00000000fa580000)
  from space 3584K, 0% used [0x00000000faa00000,0x00000000faa00000,0x00000000fad80000)
  to   space 4096K, 0% used [0x00000000fa580000,0x00000000fa580000,0x00000000fa980000)
 ParOldGen       total 84480K, used 32680K [0x00000000e0000000, 0x00000000e5280000, 0x00000000f5580000)
  object space 84480K, 38% used [0x00000000e0000000,0x00000000e1fea110,0x00000000e5280000)
 Metaspace       used 77528K, capacity 83206K, committed 83544K, reserved 1122304K
  class space    used 9406K, capacity 11222K, committed 11352K, reserved 1048576K
}
Event: 2140.972 GC heap before
{Heap before GC invocations=86 (full 37):
 PSYoungGen      total 85504K, used 7864K [0x00000000f5580000, 0x00000000fad80000, 0x0000000100000000)
  eden space 81920K, 9% used [0x00000000f5580000,0x00000000f5d2e388,0x00000000fa580000)
  from space 3584K, 0% used [0x00000000faa00000,0x00000000faa00000,0x00000000fad80000)
  to   space 4096K, 0% used [0x00000000fa580000,0x00000000fa580000,0x00000000fa980000)
 ParOldGen       total 84480K, used 32680K [0x00000000e0000000, 0x00000000e5280000, 0x00000000f5580000)
  object space 84480K, 38% used [0x00000000e0000000,0x00000000e1fea110,0x00000000e5280000)
 Metaspace       used 77548K, capacity 83206K, committed 83544K, reserved 1122304K
  class space    used 9406K, capacity 11222K, committed 11352K, reserved 1048576K
Event: 2140.975 GC heap after
Heap after GC invocations=86 (full 37):
 PSYoungGen      total 82432K, used 416K [0x00000000f5580000, 0x00000000fac80000, 0x0000000100000000)
  eden space 81920K, 0% used [0x00000000f5580000,0x00000000f5580000,0x00000000fa580000)
  from space 512K, 81% used [0x00000000fa580000,0x00000000fa5e8000,0x00000000fa600000)
  to   space 3584K, 0% used [0x00000000fa900000,0x00000000fa900000,0x00000000fac80000)
 ParOldGen       total 84480K, used 32688K [0x00000000e0000000, 0x00000000e5280000, 0x00000000f5580000)
  object space 84480K, 38% used [0x00000000e0000000,0x00000000e1fec110,0x00000000e5280000)
 Metaspace       used 77548K, capacity 83206K, committed 83544K, reserved 1122304K
  class space    used 9406K, capacity 11222K, committed 11352K, reserved 1048576K
}
Event: 2140.975 GC heap before
{Heap before GC invocations=87 (full 38):
 PSYoungGen      total 82432K, used 416K [0x00000000f5580000, 0x00000000fac80000, 0x0000000100000000)
  eden space 81920K, 0% used [0x00000000f5580000,0x00000000f5580000,0x00000000fa580000)
  from space 512K, 81% used [0x00000000fa580000,0x00000000fa5e8000,0x00000000fa600000)
  to   space 3584K, 0% used [0x00000000fa900000,0x00000000fa900000,0x00000000fac80000)
 ParOldGen       total 84480K, used 32688K [0x00000000e0000000, 0x00000000e5280000, 0x00000000f5580000)
  object space 84480K, 38% used [0x00000000e0000000,0x00000000e1fec110,0x00000000e5280000)
 Metaspace       used 77548K, capacity 83206K, committed 83544K, reserved 1122304K
  class space    used 9406K, capacity 11222K, committed 11352K, reserved 1048576K
Event: 2141.094 GC heap after
Heap after GC invocations=87 (full 38):
 PSYoungGen      total 82432K, used 0K [0x00000000f5580000, 0x00000000fac80000, 0x0000000100000000)
  eden space 81920K, 0% used [0x00000000f5580000,0x00000000f5580000,0x00000000fa580000)
  from space 512K, 0% used [0x00000000fa580000,0x00000000fa580000,0x00000000fa600000)
  to   space 3584K, 0% used [0x00000000fa900000,0x00000000fa900000,0x00000000fac80000)
 ParOldGen       total 84480K, used 32801K [0x00000000e0000000, 0x00000000e5280000, 0x00000000f5580000)
  object space 84480K, 38% used [0x00000000e0000000,0x00000000e2008638,0x00000000e5280000)
 Metaspace       used 77548K, capacity 83206K, committed 83544K, reserved 1122304K
  class space    used 9406K, capacity 11222K, committed 11352K, reserved 1048576K
}
Event: 2200.975 GC heap before
{Heap before GC invocations=88 (full 38):
 PSYoungGen      total 82432K, used 3456K [0x00000000f5580000, 0x00000000fac80000, 0x0000000100000000)
  eden space 81920K, 4% used [0x00000000f5580000,0x00000000f58e01d8,0x00000000fa580000)
  from space 512K, 0% used [0x00000000fa580000,0x00000000fa580000,0x00000000fa600000)
  to   space 3584K, 0% used [0x00000000fa900000,0x00000000fa900000,0x00000000fac80000)
 ParOldGen       total 84480K, used 32801K [0x00000000e0000000, 0x00000000e5280000, 0x00000000f5580000)
  object space 84480K, 38% used [0x00000000e0000000,0x00000000e2008638,0x00000000e5280000)
 Metaspace       used 77550K, capacity 83206K, committed 83544K, reserved 1122304K
  class space    used 9406K, capacity 11222K, committed 11352K, reserved 1048576K
Event: 2200.977 GC heap after
Heap after GC invocations=88 (full 38):
 PSYoungGen      total 85504K, used 160K [0x00000000f5580000, 0x00000000fac80000, 0x0000000100000000)
  eden space 81920K, 0% used [0x00000000f5580000,0x00000000f5580000,0x00000000fa580000)
  from space 3584K, 4% used [0x00000000fa900000,0x00000000fa928000,0x00000000fac80000)
  to   space 3584K, 0% used [0x00000000fa580000,0x00000000fa580000,0x00000000fa900000)
 ParOldGen       total 84480K, used 32809K [0x00000000e0000000, 0x00000000e5280000, 0x00000000f5580000)
  object space 84480K, 38% used [0x00000000e0000000,0x00000000e200a638,0x00000000e5280000)
 Metaspace       used 77550K, capacity 83206K, committed 83544K, reserved 1122304K
  class space    used 9406K, capacity 11222K, committed 11352K, reserved 1048576K
}
Event: 2200.977 GC heap before
{Heap before GC invocations=89 (full 39):
 PSYoungGen      total 85504K, used 160K [0x00000000f5580000, 0x00000000fac80000, 0x0000000100000000)
  eden space 81920K, 0% used [0x00000000f5580000,0x00000000f5580000,0x00000000fa580000)
  from space 3584K, 4% used [0x00000000fa900000,0x00000000fa928000,0x00000000fac80000)
  to   space 3584K, 0% used [0x00000000fa580000,0x00000000fa580000,0x00000000fa900000)
 ParOldGen       total 84480K, used 32809K [0x00000000e0000000, 0x00000000e5280000, 0x00000000f5580000)
  object space 84480K, 38% used [0x00000000e0000000,0x00000000e200a638,0x00000000e5280000)
 Metaspace       used 77550K, capacity 83206K, committed 83544K, reserved 1122304K
  class space    used 9406K, capacity 11222K, committed 11352K, reserved 1048576K
Event: 2201.098 GC heap after
Heap after GC invocations=89 (full 39):
 PSYoungGen      total 85504K, used 0K [0x00000000f5580000, 0x00000000fac80000, 0x0000000100000000)
  eden space 81920K, 0% used [0x00000000f5580000,0x00000000f5580000,0x00000000fa580000)
  from space 3584K, 0% used [0x00000000fa900000,0x00000000fa900000,0x00000000fac80000)
  to   space 3584K, 0% used [0x00000000fa580000,0x00000000fa580000,0x00000000fa900000)
 ParOldGen       total 84480K, used 32683K [0x00000000e0000000, 0x00000000e5280000, 0x00000000f5580000)
  object space 84480K, 38% used [0x00000000e0000000,0x00000000e1feafd0,0x00000000e5280000)
 Metaspace       used 77550K, capacity 83206K, committed 83544K, reserved 1122304K
  class space    used 9406K, capacity 11222K, committed 11352K, reserved 1048576K
}

