# JRE version: Java(TM) SE Runtime Environment (8.0_45-b15) (build 1.8.0_45-b15)
# Java VM: Java HotSpot(TM) 64-Bit Server VM (25.45-b02 mixed mode windows-amd64 compressed oops)
Heap:
 PSYoungGen      total 104960K, used 51570K [0x00000000f5580000, 0x00000000fbf00000, 0x0000000100000000)
  eden space 103424K, 49% used [0x00000000f5580000,0x00000000f87dcbf0,0x00000000fba80000)
  from space 1536K, 0% used [0x00000000fbc80000,0x00000000fbc80000,0x00000000fbe00000)
  to   space 2048K, 0% used [0x00000000fba80000,0x00000000fba80000,0x00000000fbc80000)
 ParOldGen       total 124928K, used 61435K [0x00000000e0000000, 0x00000000e7a00000, 0x00000000f5580000)
  object space 124928K, 49% used [0x00000000e0000000,0x00000000e3bfec18,0x00000000e7a00000)
 Metaspace       used 95570K, capacity 102732K, committed 103064K, reserved 1138688K
  class space    used 11261K, capacity 13373K, committed 13464K, reserved 1048576K
GC Heap History (10 events):
Event: 12440.573 GC heap before
{Heap before GC invocations=425 (full 197):
 PSYoungGen      total 105984K, used 128K [0x00000000f5580000, 0x00000000fbf00000, 0x0000000100000000)
  eden space 103936K, 0% used [0x00000000f5580000,0x00000000f5580000,0x00000000fbb00000)
  from space 2048K, 6% used [0x00000000fbd00000,0x00000000fbd20000,0x00000000fbf00000)
  to   space 2048K, 0% used [0x00000000fbb00000,0x00000000fbb00000,0x00000000fbd00000)
 ParOldGen       total 124928K, used 60246K [0x00000000e0000000, 0x00000000e7a00000, 0x00000000f5580000)
  object space 124928K, 48% used [0x00000000e0000000,0x00000000e3ad59d0,0x00000000e7a00000)
 Metaspace       used 94739K, capacity 101828K, committed 102168K, reserved 1138688K
  class space    used 11177K, capacity 13271K, committed 13336K, reserved 1048576K
Event: 12440.705 GC heap after
Heap after GC invocations=425 (full 197):
 PSYoungGen      total 105984K, used 0K [0x00000000f5580000, 0x00000000fbf00000, 0x0000000100000000)
  eden space 103936K, 0% used [0x00000000f5580000,0x00000000f5580000,0x00000000fbb00000)
  from space 2048K, 0% used [0x00000000fbd00000,0x00000000fbd00000,0x00000000fbf00000)
  to   space 2048K, 0% used [0x00000000fbb00000,0x00000000fbb00000,0x00000000fbd00000)
 ParOldGen       total 124928K, used 60246K [0x00000000e0000000, 0x00000000e7a00000, 0x00000000f5580000)
  object space 124928K, 48% used [0x00000000e0000000,0x00000000e3ad59d0,0x00000000e7a00000)
 Metaspace       used 94739K, capacity 101828K, committed 102168K, reserved 1138688K
  class space    used 11177K, capacity 13271K, committed 13336K, reserved 1048576K
}
Event: 12500.574 GC heap before
{Heap before GC invocations=426 (full 197):
 PSYoungGen      total 105984K, used 3588K [0x00000000f5580000, 0x00000000fbf00000, 0x0000000100000000)
  eden space 103936K, 3% used [0x00000000f5580000,0x00000000f5901360,0x00000000fbb00000)
  from space 2048K, 0% used [0x00000000fbd00000,0x00000000fbd00000,0x00000000fbf00000)
  to   space 2048K, 0% used [0x00000000fbb00000,0x00000000fbb00000,0x00000000fbd00000)
 ParOldGen       total 124928K, used 60246K [0x00000000e0000000, 0x00000000e7a00000, 0x00000000f5580000)
  object space 124928K, 48% used [0x00000000e0000000,0x00000000e3ad59d0,0x00000000e7a00000)
 Metaspace       used 94739K, capacity 101828K, committed 102168K, reserved 1138688K
  class space    used 11177K, capacity 13271K, committed 13336K, reserved 1048576K
Event: 12500.580 GC heap after
Heap after GC invocations=426 (full 197):
 PSYoungGen      total 104448K, used 128K [0x00000000f5580000, 0x00000000fbe00000, 0x0000000100000000)
  eden space 103936K, 0% used [0x00000000f5580000,0x00000000f5580000,0x00000000fbb00000)
  from space 512K, 25% used [0x00000000fbb00000,0x00000000fbb20000,0x00000000fbb80000)
  to   space 1536K, 0% used [0x00000000fbc80000,0x00000000fbc80000,0x00000000fbe00000)
 ParOldGen       total 124928K, used 60246K [0x00000000e0000000, 0x00000000e7a00000, 0x00000000f5580000)
  object space 124928K, 48% used [0x00000000e0000000,0x00000000e3ad59d0,0x00000000e7a00000)
 Metaspace       used 94739K, capacity 101828K, committed 102168K, reserved 1138688K
  class space    used 11177K, capacity 13271K, committed 13336K, reserved 1048576K
}
Event: 12500.580 GC heap before
{Heap before GC invocations=427 (full 198):
 PSYoungGen      total 104448K, used 128K [0x00000000f5580000, 0x00000000fbe00000, 0x0000000100000000)
  eden space 103936K, 0% used [0x00000000f5580000,0x00000000f5580000,0x00000000fbb00000)
  from space 512K, 25% used [0x00000000fbb00000,0x00000000fbb20000,0x00000000fbb80000)
  to   space 1536K, 0% used [0x00000000fbc80000,0x00000000fbc80000,0x00000000fbe00000)
 ParOldGen       total 124928K, used 60246K [0x00000000e0000000, 0x00000000e7a00000, 0x00000000f5580000)
  object space 124928K, 48% used [0x00000000e0000000,0x00000000e3ad59d0,0x00000000e7a00000)
 Metaspace       used 94739K, capacity 101828K, committed 102168K, reserved 1138688K
  class space    used 11177K, capacity 13271K, committed 13336K, reserved 1048576K
Event: 12500.694 GC heap after
Heap after GC invocations=427 (full 198):
 PSYoungGen      total 104448K, used 0K [0x00000000f5580000, 0x00000000fbe00000, 0x0000000100000000)
  eden space 103936K, 0% used [0x00000000f5580000,0x00000000f5580000,0x00000000fbb00000)
  from space 512K, 0% used [0x00000000fbb00000,0x00000000fbb00000,0x00000000fbb80000)
  to   space 1536K, 0% used [0x00000000fbc80000,0x00000000fbc80000,0x00000000fbe00000)
 ParOldGen       total 124928K, used 60246K [0x00000000e0000000, 0x00000000e7a00000, 0x00000000f5580000)
  object space 124928K, 48% used [0x00000000e0000000,0x00000000e3ad59d0,0x00000000e7a00000)
 Metaspace       used 94739K, capacity 101828K, committed 102168K, reserved 1138688K
  class space    used 11177K, capacity 13271K, committed 13336K, reserved 1048576K
}
Event: 12560.582 GC heap before
{Heap before GC invocations=428 (full 198):
 PSYoungGen      total 104448K, used 47921K [0x00000000f5580000, 0x00000000fbe00000, 0x0000000100000000)
  eden space 103936K, 46% used [0x00000000f5580000,0x00000000f844c7f8,0x00000000fbb00000)
  from space 512K, 0% used [0x00000000fbb00000,0x00000000fbb00000,0x00000000fbb80000)
  to   space 1536K, 0% used [0x00000000fbc80000,0x00000000fbc80000,0x00000000fbe00000)
 ParOldGen       total 124928K, used 60246K [0x00000000e0000000, 0x00000000e7a00000, 0x00000000f5580000)
  object space 124928K, 48% used [0x00000000e0000000,0x00000000e3ad59d0,0x00000000e7a00000)
 Metaspace       used 94858K, capacity 101904K, committed 102168K, reserved 1138688K
  class space    used 11183K, capacity 13273K, committed 13336K, reserved 1048576K
Event: 12560.585 GC heap after
Heap after GC invocations=428 (full 198):
 PSYoungGen      total 104960K, used 1510K [0x00000000f5580000, 0x00000000fbf00000, 0x0000000100000000)
  eden space 103424K, 0% used [0x00000000f5580000,0x00000000f5580000,0x00000000fba80000)
  from space 1536K, 98% used [0x00000000fbc80000,0x00000000fbdf9958,0x00000000fbe00000)
  to   space 2048K, 0% used [0x00000000fba80000,0x00000000fba80000,0x00000000fbc80000)
 ParOldGen       total 124928K, used 60686K [0x00000000e0000000, 0x00000000e7a00000, 0x00000000f5580000)
  object space 124928K, 48% used [0x00000000e0000000,0x00000000e3b43aa0,0x00000000e7a00000)
 Metaspace       used 94858K, capacity 101904K, committed 102168K, reserved 1138688K
  class space    used 11183K, capacity 13273K, committed 13336K, reserved 1048576K
}
Event: 12560.585 GC heap before
{Heap before GC invocations=429 (full 199):
 PSYoungGen      total 104960K, used 1510K [0x00000000f5580000, 0x00000000fbf00000, 0x0000000100000000)
  eden space 103424K, 0% used [0x00000000f5580000,0x00000000f5580000,0x00000000fba80000)
  from space 1536K, 98% used [0x00000000fbc80000,0x00000000fbdf9958,0x00000000fbe00000)
  to   space 2048K, 0% used [0x00000000fba80000,0x00000000fba80000,0x00000000fbc80000)
 ParOldGen       total 124928K, used 60686K [0x00000000e0000000, 0x00000000e7a00000, 0x00000000f5580000)
  object space 124928K, 48% used [0x00000000e0000000,0x00000000e3b43aa0,0x00000000e7a00000)
 Metaspace       used 94858K, capacity 101904K, committed 102168K, reserved 1138688K
  class space    used 11183K, capacity 13273K, committed 13336K, reserved 1048576K
Event: 12560.759 GC heap after
Heap after GC invocations=429 (full 199):
 PSYoungGen      total 104960K, used 0K [0x00000000f5580000, 0x00000000fbf00000, 0x0000000100000000)
  eden space 103424K, 0% used [0x00000000f5580000,0x00000000f5580000,0x00000000fba80000)
  from space 1536K, 0% used [0x00000000fbc80000,0x00000000fbc80000,0x00000000fbe00000)
  to   space 2048K, 0% used [0x00000000fba80000,0x00000000fba80000,0x00000000fbc80000)
 ParOldGen       total 124928K, used 61435K [0x00000000e0000000, 0x00000000e7a00000, 0x00000000f5580000)
  object space 124928K, 49% used [0x00000000e0000000,0x00000000e3bfec18,0x00000000e7a00000)
 Metaspace       used 94858K, capacity 101904K, committed 102168K, reserved 1138688K
  class space    used 11183K, capacity 13273K, committed 13336K, reserved 1048576K
}

