# JRE version: Java(TM) SE Runtime Environment (8.0_45-b15) (build 1.8.0_45-b15)
# Java VM: Java HotSpot(TM) 64-Bit Server VM (25.45-b02 mixed mode windows-amd64 compressed oops)
Heap:
 PSYoungGen      total 65536K, used 30442K [0x00000000f5580000, 0x00000000f9680000, 0x0000000100000000)
  eden space 65024K, 46% used [0x00000000f5580000,0x00000000f733aab8,0x00000000f9500000)
  from space 512K, 0% used [0x00000000f9580000,0x00000000f9580000,0x00000000f9600000)
  to   space 512K, 0% used [0x00000000f9600000,0x00000000f9600000,0x00000000f9680000)
 ParOldGen       total 106496K, used 38155K [0x00000000e0000000, 0x00000000e6800000, 0x00000000f5580000)
  object space 106496K, 35% used [0x00000000e0000000,0x00000000e2542c10,0x00000000e6800000)
 Metaspace       used 82732K, capacity 89662K, committed 89856K, reserved 1126400K
  class space    used 10080K, capacity 12210K, committed 12288K, reserved 1048576K
GC Heap History (10 events):
Event: 8884.824 GC heap before
{Heap before GC invocations=318 (full 151):
 PSYoungGen      total 65536K, used 160K [0x00000000f5580000, 0x00000000f9680000, 0x0000000100000000)
  eden space 65024K, 0% used [0x00000000f5580000,0x00000000f5580000,0x00000000f9500000)
  from space 512K, 31% used [0x00000000f9580000,0x00000000f95a8000,0x00000000f9600000)
  to   space 512K, 0% used [0x00000000f9600000,0x00000000f9600000,0x00000000f9680000)
 ParOldGen       total 106496K, used 38022K [0x00000000e0000000, 0x00000000e6800000, 0x00000000f5580000)
  object space 106496K, 35% used [0x00000000e0000000,0x00000000e2521988,0x00000000e6800000)
 Metaspace       used 81914K, capacity 88766K, committed 89216K, reserved 1126400K
  class space    used 9991K, capacity 12046K, committed 12160K, reserved 1048576K
Event: 8884.888 GC heap after
Heap after GC invocations=318 (full 151):
 PSYoungGen      total 65536K, used 0K [0x00000000f5580000, 0x00000000f9680000, 0x0000000100000000)
  eden space 65024K, 0% used [0x00000000f5580000,0x00000000f5580000,0x00000000f9500000)
  from space 512K, 0% used [0x00000000f9580000,0x00000000f9580000,0x00000000f9600000)
  to   space 512K, 0% used [0x00000000f9600000,0x00000000f9600000,0x00000000f9680000)
 ParOldGen       total 106496K, used 38022K [0x00000000e0000000, 0x00000000e6800000, 0x00000000f5580000)
  object space 106496K, 35% used [0x00000000e0000000,0x00000000e2521988,0x00000000e6800000)
 Metaspace       used 81914K, capacity 88766K, committed 89216K, reserved 1126400K
  class space    used 9991K, capacity 12046K, committed 12160K, reserved 1048576K
}
Event: 8944.837 GC heap before
{Heap before GC invocations=319 (full 151):
 PSYoungGen      total 65536K, used 3558K [0x00000000f5580000, 0x00000000f9680000, 0x0000000100000000)
  eden space 65024K, 5% used [0x00000000f5580000,0x00000000f58f98e8,0x00000000f9500000)
  from space 512K, 0% used [0x00000000f9580000,0x00000000f9580000,0x00000000f9600000)
  to   space 512K, 0% used [0x00000000f9600000,0x00000000f9600000,0x00000000f9680000)
 ParOldGen       total 106496K, used 38022K [0x00000000e0000000, 0x00000000e6800000, 0x00000000f5580000)
  object space 106496K, 35% used [0x00000000e0000000,0x00000000e2521988,0x00000000e6800000)
 Metaspace       used 81914K, capacity 88766K, committed 89216K, reserved 1126400K
  class space    used 9991K, capacity 12046K, committed 12160K, reserved 1048576K
Event: 8944.843 GC heap after
Heap after GC invocations=319 (full 151):
 PSYoungGen      total 65536K, used 160K [0x00000000f5580000, 0x00000000f9680000, 0x0000000100000000)
  eden space 65024K, 0% used [0x00000000f5580000,0x00000000f5580000,0x00000000f9500000)
  from space 512K, 31% used [0x00000000f9600000,0x00000000f9628000,0x00000000f9680000)
  to   space 512K, 0% used [0x00000000f9580000,0x00000000f9580000,0x00000000f9600000)
 ParOldGen       total 106496K, used 38022K [0x00000000e0000000, 0x00000000e6800000, 0x00000000f5580000)
  object space 106496K, 35% used [0x00000000e0000000,0x00000000e2521988,0x00000000e6800000)
 Metaspace       used 81914K, capacity 88766K, committed 89216K, reserved 1126400K
  class space    used 9991K, capacity 12046K, committed 12160K, reserved 1048576K
}
Event: 8944.843 GC heap before
{Heap before GC invocations=320 (full 152):
 PSYoungGen      total 65536K, used 160K [0x00000000f5580000, 0x00000000f9680000, 0x0000000100000000)
  eden space 65024K, 0% used [0x00000000f5580000,0x00000000f5580000,0x00000000f9500000)
  from space 512K, 31% used [0x00000000f9600000,0x00000000f9628000,0x00000000f9680000)
  to   space 512K, 0% used [0x00000000f9580000,0x00000000f9580000,0x00000000f9600000)
 ParOldGen       total 106496K, used 38022K [0x00000000e0000000, 0x00000000e6800000, 0x00000000f5580000)
  object space 106496K, 35% used [0x00000000e0000000,0x00000000e2521988,0x00000000e6800000)
 Metaspace       used 81914K, capacity 88766K, committed 89216K, reserved 1126400K
  class space    used 9991K, capacity 12046K, committed 12160K, reserved 1048576K
Event: 8944.943 GC heap after
Heap after GC invocations=320 (full 152):
 PSYoungGen      total 65536K, used 0K [0x00000000f5580000, 0x00000000f9680000, 0x0000000100000000)
  eden space 65024K, 0% used [0x00000000f5580000,0x00000000f5580000,0x00000000f9500000)
  from space 512K, 0% used [0x00000000f9600000,0x00000000f9600000,0x00000000f9680000)
  to   space 512K, 0% used [0x00000000f9580000,0x00000000f9580000,0x00000000f9600000)
 ParOldGen       total 106496K, used 38023K [0x00000000e0000000, 0x00000000e6800000, 0x00000000f5580000)
  object space 106496K, 35% used [0x00000000e0000000,0x00000000e2521e08,0x00000000e6800000)
 Metaspace       used 81914K, capacity 88766K, committed 89216K, reserved 1126400K
  class space    used 9991K, capacity 12046K, committed 12160K, reserved 1048576K
}
Event: 9004.851 GC heap before
{Heap before GC invocations=321 (full 152):
 PSYoungGen      total 65536K, used 8833K [0x00000000f5580000, 0x00000000f9680000, 0x0000000100000000)
  eden space 65024K, 13% used [0x00000000f5580000,0x00000000f5e20548,0x00000000f9500000)
  from space 512K, 0% used [0x00000000f9600000,0x00000000f9600000,0x00000000f9680000)
  to   space 512K, 0% used [0x00000000f9580000,0x00000000f9580000,0x00000000f9600000)
 ParOldGen       total 106496K, used 38023K [0x00000000e0000000, 0x00000000e6800000, 0x00000000f5580000)
  object space 106496K, 35% used [0x00000000e0000000,0x00000000e2521e08,0x00000000e6800000)
 Metaspace       used 81917K, capacity 88766K, committed 89216K, reserved 1126400K
  class space    used 9991K, capacity 12046K, committed 12160K, reserved 1048576K
Event: 9004.857 GC heap after
Heap after GC invocations=321 (full 152):
 PSYoungGen      total 65536K, used 416K [0x00000000f5580000, 0x00000000f9680000, 0x0000000100000000)
  eden space 65024K, 0% used [0x00000000f5580000,0x00000000f5580000,0x00000000f9500000)
  from space 512K, 81% used [0x00000000f9580000,0x00000000f95e8000,0x00000000f9600000)
  to   space 512K, 0% used [0x00000000f9600000,0x00000000f9600000,0x00000000f9680000)
 ParOldGen       total 106496K, used 38023K [0x00000000e0000000, 0x00000000e6800000, 0x00000000f5580000)
  object space 106496K, 35% used [0x00000000e0000000,0x00000000e2521e08,0x00000000e6800000)
 Metaspace       used 81917K, capacity 88766K, committed 89216K, reserved 1126400K
  class space    used 9991K, capacity 12046K, committed 12160K, reserved 1048576K
}
Event: 9004.857 GC heap before
{Heap before GC invocations=322 (full 153):
 PSYoungGen      total 65536K, used 416K [0x00000000f5580000, 0x00000000f9680000, 0x0000000100000000)
  eden space 65024K, 0% used [0x00000000f5580000,0x00000000f5580000,0x00000000f9500000)
  from space 512K, 81% used [0x00000000f9580000,0x00000000f95e8000,0x00000000f9600000)
  to   space 512K, 0% used [0x00000000f9600000,0x00000000f9600000,0x00000000f9680000)
 ParOldGen       total 106496K, used 38023K [0x00000000e0000000, 0x00000000e6800000, 0x00000000f5580000)
  object space 106496K, 35% used [0x00000000e0000000,0x00000000e2521e08,0x00000000e6800000)
 Metaspace       used 81917K, capacity 88766K, committed 89216K, reserved 1126400K
  class space    used 9991K, capacity 12046K, committed 12160K, reserved 1048576K
Event: 9004.950 GC heap after
Heap after GC invocations=322 (full 153):
 PSYoungGen      total 65536K, used 0K [0x00000000f5580000, 0x00000000f9680000, 0x0000000100000000)
  eden space 65024K, 0% used [0x00000000f5580000,0x00000000f5580000,0x00000000f9500000)
  from space 512K, 0% used [0x00000000f9580000,0x00000000f9580000,0x00000000f9600000)
  to   space 512K, 0% used [0x00000000f9600000,0x00000000f9600000,0x00000000f9680000)
 ParOldGen       total 106496K, used 38155K [0x00000000e0000000, 0x00000000e6800000, 0x00000000f5580000)
  object space 106496K, 35% used [0x00000000e0000000,0x00000000e2542c10,0x00000000e6800000)
 Metaspace       used 81917K, capacity 88766K, committed 89216K, reserved 1126400K
  class space    used 9991K, capacity 12046K, committed 12160K, reserved 1048576K
}

