# JRE version: Java(TM) SE Runtime Environment (8.0_45-b15) (build 1.8.0_45-b15)
# Java VM: Java HotSpot(TM) 64-Bit Server VM (25.45-b02 mixed mode windows-amd64 compressed oops)
Heap:
 PSYoungGen      total 108544K, used 33413K [0x00000000f5580000, 0x00000000fdf00000, 0x0000000100000000)
  eden space 108032K, 30% used [0x00000000f5580000,0x00000000f7621460,0x00000000fbf00000)
  from space 512K, 0% used [0x00000000fbf00000,0x00000000fbf00000,0x00000000fbf80000)
  to   space 16384K, 0% used [0x00000000fcf00000,0x00000000fcf00000,0x00000000fdf00000)
 ParOldGen       total 99328K, used 35865K [0x00000000e0000000, 0x00000000e6100000, 0x00000000f5580000)
  object space 99328K, 36% used [0x00000000e0000000,0x00000000e2306500,0x00000000e6100000)
 Metaspace       used 85853K, capacity 92510K, committed 92672K, reserved 1130496K
  class space    used 10453K, capacity 12487K, committed 12544K, reserved 1048576K
GC Heap History (10 events):
Event: 1090.904 GC heap before
{Heap before GC invocations=56 (full 21):
 PSYoungGen      total 108544K, used 192K [0x00000000f5580000, 0x00000000fe400000, 0x0000000100000000)
  eden space 108032K, 0% used [0x00000000f5580000,0x00000000f5580000,0x00000000fbf00000)
  from space 512K, 37% used [0x00000000fbf00000,0x00000000fbf30000,0x00000000fbf80000)
  to   space 18944K, 0% used [0x00000000fd180000,0x00000000fd180000,0x00000000fe400000)
 ParOldGen       total 99328K, used 35742K [0x00000000e0000000, 0x00000000e6100000, 0x00000000f5580000)
  object space 99328K, 35% used [0x00000000e0000000,0x00000000e22e7ac0,0x00000000e6100000)
 Metaspace       used 85175K, capacity 92020K, committed 92288K, reserved 1128448K
  class space    used 10385K, capacity 12390K, committed 12416K, reserved 1048576K
Event: 1090.966 GC heap after
Heap after GC invocations=56 (full 21):
 PSYoungGen      total 108544K, used 0K [0x00000000f5580000, 0x00000000fe400000, 0x0000000100000000)
  eden space 108032K, 0% used [0x00000000f5580000,0x00000000f5580000,0x00000000fbf00000)
  from space 512K, 0% used [0x00000000fbf00000,0x00000000fbf00000,0x00000000fbf80000)
  to   space 18944K, 0% used [0x00000000fd180000,0x00000000fd180000,0x00000000fe400000)
 ParOldGen       total 99328K, used 35734K [0x00000000e0000000, 0x00000000e6100000, 0x00000000f5580000)
  object space 99328K, 35% used [0x00000000e0000000,0x00000000e22e5b78,0x00000000e6100000)
 Metaspace       used 85175K, capacity 92020K, committed 92288K, reserved 1128448K
  class space    used 10385K, capacity 12390K, committed 12416K, reserved 1048576K
}
Event: 1150.908 GC heap before
{Heap before GC invocations=57 (full 21):
 PSYoungGen      total 108544K, used 3160K [0x00000000f5580000, 0x00000000fe400000, 0x0000000100000000)
  eden space 108032K, 2% used [0x00000000f5580000,0x00000000f5896340,0x00000000fbf00000)
  from space 512K, 0% used [0x00000000fbf00000,0x00000000fbf00000,0x00000000fbf80000)
  to   space 18944K, 0% used [0x00000000fd180000,0x00000000fd180000,0x00000000fe400000)
 ParOldGen       total 99328K, used 35734K [0x00000000e0000000, 0x00000000e6100000, 0x00000000f5580000)
  object space 99328K, 35% used [0x00000000e0000000,0x00000000e22e5b78,0x00000000e6100000)
 Metaspace       used 85175K, capacity 92020K, committed 92288K, reserved 1128448K
  class space    used 10385K, capacity 12390K, committed 12416K, reserved 1048576K
Event: 1150.910 GC heap after
Heap after GC invocations=57 (full 21):
 PSYoungGen      total 123904K, used 128K [0x00000000f5580000, 0x00000000fe100000, 0x0000000100000000)
  eden space 108032K, 0% used [0x00000000f5580000,0x00000000f5580000,0x00000000fbf00000)
  from space 15872K, 0% used [0x00000000fd180000,0x00000000fd1a0000,0x00000000fe100000)
  to   space 17408K, 0% used [0x00000000fbf00000,0x00000000fbf00000,0x00000000fd000000)
 ParOldGen       total 99328K, used 35734K [0x00000000e0000000, 0x00000000e6100000, 0x00000000f5580000)
  object space 99328K, 35% used [0x00000000e0000000,0x00000000e22e5b78,0x00000000e6100000)
 Metaspace       used 85175K, capacity 92020K, committed 92288K, reserved 1128448K
  class space    used 10385K, capacity 12390K, committed 12416K, reserved 1048576K
}
Event: 1150.910 GC heap before
{Heap before GC invocations=58 (full 22):
 PSYoungGen      total 123904K, used 128K [0x00000000f5580000, 0x00000000fe100000, 0x0000000100000000)
  eden space 108032K, 0% used [0x00000000f5580000,0x00000000f5580000,0x00000000fbf00000)
  from space 15872K, 0% used [0x00000000fd180000,0x00000000fd1a0000,0x00000000fe100000)
  to   space 17408K, 0% used [0x00000000fbf00000,0x00000000fbf00000,0x00000000fd000000)
 ParOldGen       total 99328K, used 35734K [0x00000000e0000000, 0x00000000e6100000, 0x00000000f5580000)
  object space 99328K, 35% used [0x00000000e0000000,0x00000000e22e5b78,0x00000000e6100000)
 Metaspace       used 85175K, capacity 92020K, committed 92288K, reserved 1128448K
  class space    used 10385K, capacity 12390K, committed 12416K, reserved 1048576K
Event: 1150.969 GC heap after
Heap after GC invocations=58 (full 22):
 PSYoungGen      total 123904K, used 0K [0x00000000f5580000, 0x00000000fe100000, 0x0000000100000000)
  eden space 108032K, 0% used [0x00000000f5580000,0x00000000f5580000,0x00000000fbf00000)
  from space 15872K, 0% used [0x00000000fd180000,0x00000000fd180000,0x00000000fe100000)
  to   space 17408K, 0% used [0x00000000fbf00000,0x00000000fbf00000,0x00000000fd000000)
 ParOldGen       total 99328K, used 35734K [0x00000000e0000000, 0x00000000e6100000, 0x00000000f5580000)
  object space 99328K, 35% used [0x00000000e0000000,0x00000000e22e5b78,0x00000000e6100000)
 Metaspace       used 85175K, capacity 92020K, committed 92288K, reserved 1128448K
  class space    used 10385K, capacity 12390K, committed 12416K, reserved 1048576K
}
Event: 1210.918 GC heap before
{Heap before GC invocations=59 (full 22):
 PSYoungGen      total 123904K, used 9563K [0x00000000f5580000, 0x00000000fe100000, 0x0000000100000000)
  eden space 108032K, 8% used [0x00000000f5580000,0x00000000f5ed6c18,0x00000000fbf00000)
  from space 15872K, 0% used [0x00000000fd180000,0x00000000fd180000,0x00000000fe100000)
  to   space 17408K, 0% used [0x00000000fbf00000,0x00000000fbf00000,0x00000000fd000000)
 ParOldGen       total 99328K, used 35734K [0x00000000e0000000, 0x00000000e6100000, 0x00000000f5580000)
  object space 99328K, 35% used [0x00000000e0000000,0x00000000e22e5b78,0x00000000e6100000)
 Metaspace       used 85195K, capacity 92084K, committed 92288K, reserved 1128448K
  class space    used 10385K, capacity 12390K, committed 12416K, reserved 1048576K
Event: 1210.920 GC heap after
Heap after GC invocations=59 (full 22):
 PSYoungGen      total 108544K, used 416K [0x00000000f5580000, 0x00000000fdf00000, 0x0000000100000000)
  eden space 108032K, 0% used [0x00000000f5580000,0x00000000f5580000,0x00000000fbf00000)
  from space 512K, 81% used [0x00000000fbf00000,0x00000000fbf68000,0x00000000fbf80000)
  to   space 16384K, 0% used [0x00000000fcf00000,0x00000000fcf00000,0x00000000fdf00000)
 ParOldGen       total 99328K, used 35734K [0x00000000e0000000, 0x00000000e6100000, 0x00000000f5580000)
  object space 99328K, 35% used [0x00000000e0000000,0x00000000e22e5b78,0x00000000e6100000)
 Metaspace       used 85195K, capacity 92084K, committed 92288K, reserved 1128448K
  class space    used 10385K, capacity 12390K, committed 12416K, reserved 1048576K
}
Event: 1210.921 GC heap before
{Heap before GC invocations=60 (full 23):
 PSYoungGen      total 108544K, used 416K [0x00000000f5580000, 0x00000000fdf00000, 0x0000000100000000)
  eden space 108032K, 0% used [0x00000000f5580000,0x00000000f5580000,0x00000000fbf00000)
  from space 512K, 81% used [0x00000000fbf00000,0x00000000fbf68000,0x00000000fbf80000)
  to   space 16384K, 0% used [0x00000000fcf00000,0x00000000fcf00000,0x00000000fdf00000)
 ParOldGen       total 99328K, used 35734K [0x00000000e0000000, 0x00000000e6100000, 0x00000000f5580000)
  object space 99328K, 35% used [0x00000000e0000000,0x00000000e22e5b78,0x00000000e6100000)
 Metaspace       used 85195K, capacity 92084K, committed 92288K, reserved 1128448K
  class space    used 10385K, capacity 12390K, committed 12416K, reserved 1048576K
Event: 1210.985 GC heap after
Heap after GC invocations=60 (full 23):
 PSYoungGen      total 108544K, used 0K [0x00000000f5580000, 0x00000000fdf00000, 0x0000000100000000)
  eden space 108032K, 0% used [0x00000000f5580000,0x00000000f5580000,0x00000000fbf00000)
  from space 512K, 0% used [0x00000000fbf00000,0x00000000fbf00000,0x00000000fbf80000)
  to   space 16384K, 0% used [0x00000000fcf00000,0x00000000fcf00000,0x00000000fdf00000)
 ParOldGen       total 99328K, used 35865K [0x00000000e0000000, 0x00000000e6100000, 0x00000000f5580000)
  object space 99328K, 36% used [0x00000000e0000000,0x00000000e2306500,0x00000000e6100000)
 Metaspace       used 85195K, capacity 92084K, committed 92288K, reserved 1128448K
  class space    used 10385K, capacity 12390K, committed 12416K, reserved 1048576K
}

