# JRE version: Java(TM) SE Runtime Environment (8.0_45-b15) (build 1.8.0_45-b15)
# Java VM: Java HotSpot(TM) 64-Bit Server VM (25.45-b02 mixed mode windows-amd64 compressed oops)
Heap:
 PSYoungGen      total 151040K, used 35266K [0x00000000f5580000, 0x00000000fff00000, 0x0000000100000000)
  eden space 129536K, 27% used [0x00000000f5580000,0x00000000f77f0be8,0x00000000fd400000)
  from space 21504K, 0% used [0x00000000fea00000,0x00000000fea00000,0x00000000fff00000)
  to   space 22016K, 0% used [0x00000000fd400000,0x00000000fd400000,0x00000000fe980000)
 ParOldGen       total 92672K, used 44265K [0x00000000e0000000, 0x00000000e5a80000, 0x00000000f5580000)
  object space 92672K, 47% used [0x00000000e0000000,0x00000000e2b3a598,0x00000000e5a80000)
 Metaspace       used 75266K, capacity 81680K, committed 81892K, reserved 1120256K
  class space    used 9157K, capacity 11206K, committed 11264K, reserved 1048576K
GC Heap History (10 events):
Event: 181.974 GC heap before
{Heap before GC invocations=24 (full 6):
 PSYoungGen      total 151552K, used 128K [0x00000000f5580000, 0x0000000100000000, 0x0000000100000000)
  eden space 128512K, 0% used [0x00000000f5580000,0x00000000f5580000,0x00000000fd300000)
  from space 23040K, 0% used [0x00000000fe980000,0x00000000fe9a0000,0x0000000100000000)
  to   space 23040K, 0% used [0x00000000fd300000,0x00000000fd300000,0x00000000fe980000)
 ParOldGen       total 92672K, used 44422K [0x00000000e0000000, 0x00000000e5a80000, 0x00000000f5580000)
  object space 92672K, 47% used [0x00000000e0000000,0x00000000e2b61aa0,0x00000000e5a80000)
 Metaspace       used 74126K, capacity 80560K, committed 80740K, reserved 1118208K
  class space    used 9051K, capacity 11046K, committed 11136K, reserved 1048576K
Event: 182.157 GC heap after
Heap after GC invocations=24 (full 6):
 PSYoungGen      total 151552K, used 0K [0x00000000f5580000, 0x0000000100000000, 0x0000000100000000)
  eden space 128512K, 0% used [0x00000000f5580000,0x00000000f5580000,0x00000000fd300000)
  from space 23040K, 0% used [0x00000000fe980000,0x00000000fe980000,0x0000000100000000)
  to   space 23040K, 0% used [0x00000000fd300000,0x00000000fd300000,0x00000000fe980000)
 ParOldGen       total 92672K, used 44297K [0x00000000e0000000, 0x00000000e5a80000, 0x00000000f5580000)
  object space 92672K, 47% used [0x00000000e0000000,0x00000000e2b426c8,0x00000000e5a80000)
 Metaspace       used 74126K, capacity 80560K, committed 80740K, reserved 1118208K
  class space    used 9051K, capacity 11046K, committed 11136K, reserved 1048576K
}
Event: 241.969 GC heap before
{Heap before GC invocations=25 (full 6):
 PSYoungGen      total 151552K, used 3720K [0x00000000f5580000, 0x0000000100000000, 0x0000000100000000)
  eden space 128512K, 2% used [0x00000000f5580000,0x00000000f59223b8,0x00000000fd300000)
  from space 23040K, 0% used [0x00000000fe980000,0x00000000fe980000,0x0000000100000000)
  to   space 23040K, 0% used [0x00000000fd300000,0x00000000fd300000,0x00000000fe980000)
 ParOldGen       total 92672K, used 44297K [0x00000000e0000000, 0x00000000e5a80000, 0x00000000f5580000)
  object space 92672K, 47% used [0x00000000e0000000,0x00000000e2b426c8,0x00000000e5a80000)
 Metaspace       used 74131K, capacity 80560K, committed 80740K, reserved 1118208K
  class space    used 9051K, capacity 11046K, committed 11136K, reserved 1048576K
Event: 241.975 GC heap after
Heap after GC invocations=25 (full 6):
 PSYoungGen      total 151552K, used 128K [0x00000000f5580000, 0x0000000100000000, 0x0000000100000000)
  eden space 128512K, 0% used [0x00000000f5580000,0x00000000f5580000,0x00000000fd300000)
  from space 23040K, 0% used [0x00000000fd300000,0x00000000fd320000,0x00000000fe980000)
  to   space 22528K, 0% used [0x00000000fea00000,0x00000000fea00000,0x0000000100000000)
 ParOldGen       total 92672K, used 44297K [0x00000000e0000000, 0x00000000e5a80000, 0x00000000f5580000)
  object space 92672K, 47% used [0x00000000e0000000,0x00000000e2b426c8,0x00000000e5a80000)
 Metaspace       used 74131K, capacity 80560K, committed 80740K, reserved 1118208K
  class space    used 9051K, capacity 11046K, committed 11136K, reserved 1048576K
}
Event: 241.975 GC heap before
{Heap before GC invocations=26 (full 7):
 PSYoungGen      total 151552K, used 128K [0x00000000f5580000, 0x0000000100000000, 0x0000000100000000)
  eden space 128512K, 0% used [0x00000000f5580000,0x00000000f5580000,0x00000000fd300000)
  from space 23040K, 0% used [0x00000000fd300000,0x00000000fd320000,0x00000000fe980000)
  to   space 22528K, 0% used [0x00000000fea00000,0x00000000fea00000,0x0000000100000000)
 ParOldGen       total 92672K, used 44297K [0x00000000e0000000, 0x00000000e5a80000, 0x00000000f5580000)
  object space 92672K, 47% used [0x00000000e0000000,0x00000000e2b426c8,0x00000000e5a80000)
 Metaspace       used 74131K, capacity 80560K, committed 80740K, reserved 1118208K
  class space    used 9051K, capacity 11046K, committed 11136K, reserved 1048576K
Event: 242.126 GC heap after
Heap after GC invocations=26 (full 7):
 PSYoungGen      total 151552K, used 0K [0x00000000f5580000, 0x0000000100000000, 0x0000000100000000)
  eden space 128512K, 0% used [0x00000000f5580000,0x00000000f5580000,0x00000000fd300000)
  from space 23040K, 0% used [0x00000000fd300000,0x00000000fd300000,0x00000000fe980000)
  to   space 22528K, 0% used [0x00000000fea00000,0x00000000fea00000,0x0000000100000000)
 ParOldGen       total 92672K, used 44264K [0x00000000e0000000, 0x00000000e5a80000, 0x00000000f5580000)
  object space 92672K, 47% used [0x00000000e0000000,0x00000000e2b3a1e8,0x00000000e5a80000)
 Metaspace       used 74131K, capacity 80560K, committed 80740K, reserved 1118208K
  class space    used 9051K, capacity 11046K, committed 11136K, reserved 1048576K
}
Event: 301.981 GC heap before
{Heap before GC invocations=27 (full 7):
 PSYoungGen      total 151552K, used 5531K [0x00000000f5580000, 0x0000000100000000, 0x0000000100000000)
  eden space 128512K, 4% used [0x00000000f5580000,0x00000000f5ae6fa0,0x00000000fd300000)
  from space 23040K, 0% used [0x00000000fd300000,0x00000000fd300000,0x00000000fe980000)
  to   space 22528K, 0% used [0x00000000fea00000,0x00000000fea00000,0x0000000100000000)
 ParOldGen       total 92672K, used 44264K [0x00000000e0000000, 0x00000000e5a80000, 0x00000000f5580000)
  object space 92672K, 47% used [0x00000000e0000000,0x00000000e2b3a1e8,0x00000000e5a80000)
 Metaspace       used 74140K, capacity 80624K, committed 80740K, reserved 1118208K
  class space    used 9051K, capacity 11046K, committed 11136K, reserved 1048576K
Event: 301.985 GC heap after
Heap after GC invocations=27 (full 7):
 PSYoungGen      total 151040K, used 160K [0x00000000f5580000, 0x00000000fff00000, 0x0000000100000000)
  eden space 129536K, 0% used [0x00000000f5580000,0x00000000f5580000,0x00000000fd400000)
  from space 21504K, 0% used [0x00000000fea00000,0x00000000fea28000,0x00000000fff00000)
  to   space 22016K, 0% used [0x00000000fd400000,0x00000000fd400000,0x00000000fe980000)
 ParOldGen       total 92672K, used 44272K [0x00000000e0000000, 0x00000000e5a80000, 0x00000000f5580000)
  object space 92672K, 47% used [0x00000000e0000000,0x00000000e2b3c1e8,0x00000000e5a80000)
 Metaspace       used 74140K, capacity 80624K, committed 80740K, reserved 1118208K
  class space    used 9051K, capacity 11046K, committed 11136K, reserved 1048576K
}
Event: 301.985 GC heap before
{Heap before GC invocations=28 (full 8):
 PSYoungGen      total 151040K, used 160K [0x00000000f5580000, 0x00000000fff00000, 0x0000000100000000)
  eden space 129536K, 0% used [0x00000000f5580000,0x00000000f5580000,0x00000000fd400000)
  from space 21504K, 0% used [0x00000000fea00000,0x00000000fea28000,0x00000000fff00000)
  to   space 22016K, 0% used [0x00000000fd400000,0x00000000fd400000,0x00000000fe980000)
 ParOldGen       total 92672K, used 44272K [0x00000000e0000000, 0x00000000e5a80000, 0x00000000f5580000)
  object space 92672K, 47% used [0x00000000e0000000,0x00000000e2b3c1e8,0x00000000e5a80000)
 Metaspace       used 74140K, capacity 80624K, committed 80740K, reserved 1118208K
  class space    used 9051K, capacity 11046K, committed 11136K, reserved 1048576K
Event: 302.076 GC heap after
Heap after GC invocations=28 (full 8):
 PSYoungGen      total 151040K, used 0K [0x00000000f5580000, 0x00000000fff00000, 0x0000000100000000)
  eden space 129536K, 0% used [0x00000000f5580000,0x00000000f5580000,0x00000000fd400000)
  from space 21504K, 0% used [0x00000000fea00000,0x00000000fea00000,0x00000000fff00000)
  to   space 22016K, 0% used [0x00000000fd400000,0x00000000fd400000,0x00000000fe980000)
 ParOldGen       total 92672K, used 44265K [0x00000000e0000000, 0x00000000e5a80000, 0x00000000f5580000)
  object space 92672K, 47% used [0x00000000e0000000,0x00000000e2b3a598,0x00000000e5a80000)
 Metaspace       used 74140K, capacity 80624K, committed 80740K, reserved 1118208K
  class space    used 9051K, capacity 11046K, committed 11136K, reserved 1048576K
}

