# JRE version: Java(TM) SE Runtime Environment (8.0_45-b15) (build 1.8.0_45-b15)
# Java VM: Java HotSpot(TM) 64-Bit Server VM (25.45-b02 mixed mode windows-amd64 compressed oops)
Heap:
 PSYoungGen      total 73216K, used 59195K [0x00000000f5580000, 0x00000000f9e80000, 0x0000000100000000)
  eden space 71680K, 82% used [0x00000000f5580000,0x00000000f8f4eea0,0x00000000f9b80000)
  from space 1536K, 0% used [0x00000000f9b80000,0x00000000f9b80000,0x00000000f9d00000)
  to   space 1536K, 0% used [0x00000000f9d00000,0x00000000f9d00000,0x00000000f9e80000)
 ParOldGen       total 112640K, used 40228K [0x00000000e0000000, 0x00000000e6e00000, 0x00000000f5580000)
  object space 112640K, 35% used [0x00000000e0000000,0x00000000e2749280,0x00000000e6e00000)
 Metaspace       used 85938K, capacity 92414K, committed 92544K, reserved 1130496K
  class space    used 10033K, capacity 12115K, committed 12160K, reserved 1048576K
GC Heap History (10 events):
Event: 4174.838 GC heap before
{Heap before GC invocations=183 (full 66):
 PSYoungGen      total 73216K, used 192K [0x00000000f5580000, 0x00000000f9e80000, 0x0000000100000000)
  eden space 71680K, 0% used [0x00000000f5580000,0x00000000f5580000,0x00000000f9b80000)
  from space 1536K, 12% used [0x00000000f9b80000,0x00000000f9bb0000,0x00000000f9d00000)
  to   space 1536K, 0% used [0x00000000f9d00000,0x00000000f9d00000,0x00000000f9e80000)
 ParOldGen       total 112640K, used 40228K [0x00000000e0000000, 0x00000000e6e00000, 0x00000000f5580000)
  object space 112640K, 35% used [0x00000000e0000000,0x00000000e27491c0,0x00000000e6e00000)
 Metaspace       used 85225K, capacity 91830K, committed 92160K, reserved 1130496K
  class space    used 9953K, capacity 11984K, committed 12032K, reserved 1048576K
Event: 4174.911 GC heap after
Heap after GC invocations=183 (full 66):
 PSYoungGen      total 73216K, used 0K [0x00000000f5580000, 0x00000000f9e80000, 0x0000000100000000)
  eden space 71680K, 0% used [0x00000000f5580000,0x00000000f5580000,0x00000000f9b80000)
  from space 1536K, 0% used [0x00000000f9b80000,0x00000000f9b80000,0x00000000f9d00000)
  to   space 1536K, 0% used [0x00000000f9d00000,0x00000000f9d00000,0x00000000f9e80000)
 ParOldGen       total 112640K, used 40228K [0x00000000e0000000, 0x00000000e6e00000, 0x00000000f5580000)
  object space 112640K, 35% used [0x00000000e0000000,0x00000000e27491c0,0x00000000e6e00000)
 Metaspace       used 85225K, capacity 91830K, committed 92160K, reserved 1130496K
  class space    used 9953K, capacity 11984K, committed 12032K, reserved 1048576K
}
Event: 4234.836 GC heap before
{Heap before GC invocations=184 (full 66):
 PSYoungGen      total 73216K, used 7615K [0x00000000f5580000, 0x00000000f9e80000, 0x0000000100000000)
  eden space 71680K, 10% used [0x00000000f5580000,0x00000000f5cefe20,0x00000000f9b80000)
  from space 1536K, 0% used [0x00000000f9b80000,0x00000000f9b80000,0x00000000f9d00000)
  to   space 1536K, 0% used [0x00000000f9d00000,0x00000000f9d00000,0x00000000f9e80000)
 ParOldGen       total 112640K, used 40228K [0x00000000e0000000, 0x00000000e6e00000, 0x00000000f5580000)
  object space 112640K, 35% used [0x00000000e0000000,0x00000000e27491c0,0x00000000e6e00000)
 Metaspace       used 85226K, capacity 91830K, committed 92160K, reserved 1130496K
  class space    used 9953K, capacity 11984K, committed 12032K, reserved 1048576K
Event: 4234.840 GC heap after
Heap after GC invocations=184 (full 66):
 PSYoungGen      total 73216K, used 480K [0x00000000f5580000, 0x00000000f9e80000, 0x0000000100000000)
  eden space 71680K, 0% used [0x00000000f5580000,0x00000000f5580000,0x00000000f9b80000)
  from space 1536K, 31% used [0x00000000f9d00000,0x00000000f9d78000,0x00000000f9e80000)
  to   space 1536K, 0% used [0x00000000f9b80000,0x00000000f9b80000,0x00000000f9d00000)
 ParOldGen       total 112640K, used 40228K [0x00000000e0000000, 0x00000000e6e00000, 0x00000000f5580000)
  object space 112640K, 35% used [0x00000000e0000000,0x00000000e27491c0,0x00000000e6e00000)
 Metaspace       used 85226K, capacity 91830K, committed 92160K, reserved 1130496K
  class space    used 9953K, capacity 11984K, committed 12032K, reserved 1048576K
}
Event: 4234.840 GC heap before
{Heap before GC invocations=185 (full 67):
 PSYoungGen      total 73216K, used 480K [0x00000000f5580000, 0x00000000f9e80000, 0x0000000100000000)
  eden space 71680K, 0% used [0x00000000f5580000,0x00000000f5580000,0x00000000f9b80000)
  from space 1536K, 31% used [0x00000000f9d00000,0x00000000f9d78000,0x00000000f9e80000)
  to   space 1536K, 0% used [0x00000000f9b80000,0x00000000f9b80000,0x00000000f9d00000)
 ParOldGen       total 112640K, used 40228K [0x00000000e0000000, 0x00000000e6e00000, 0x00000000f5580000)
  object space 112640K, 35% used [0x00000000e0000000,0x00000000e27491c0,0x00000000e6e00000)
 Metaspace       used 85226K, capacity 91830K, committed 92160K, reserved 1130496K
  class space    used 9953K, capacity 11984K, committed 12032K, reserved 1048576K
Event: 4234.915 GC heap after
Heap after GC invocations=185 (full 67):
 PSYoungGen      total 73216K, used 0K [0x00000000f5580000, 0x00000000f9e80000, 0x0000000100000000)
  eden space 71680K, 0% used [0x00000000f5580000,0x00000000f5580000,0x00000000f9b80000)
  from space 1536K, 0% used [0x00000000f9d00000,0x00000000f9d00000,0x00000000f9e80000)
  to   space 1536K, 0% used [0x00000000f9b80000,0x00000000f9b80000,0x00000000f9d00000)
 ParOldGen       total 112640K, used 40360K [0x00000000e0000000, 0x00000000e6e00000, 0x00000000f5580000)
  object space 112640K, 35% used [0x00000000e0000000,0x00000000e276a088,0x00000000e6e00000)
 Metaspace       used 85226K, capacity 91830K, committed 92160K, reserved 1130496K
  class space    used 9953K, capacity 11984K, committed 12032K, reserved 1048576K
}
Event: 4294.845 GC heap before
{Heap before GC invocations=186 (full 67):
 PSYoungGen      total 73216K, used 3137K [0x00000000f5580000, 0x00000000f9e80000, 0x0000000100000000)
  eden space 71680K, 4% used [0x00000000f5580000,0x00000000f58905f8,0x00000000f9b80000)
  from space 1536K, 0% used [0x00000000f9d00000,0x00000000f9d00000,0x00000000f9e80000)
  to   space 1536K, 0% used [0x00000000f9b80000,0x00000000f9b80000,0x00000000f9d00000)
 ParOldGen       total 112640K, used 40360K [0x00000000e0000000, 0x00000000e6e00000, 0x00000000f5580000)
  object space 112640K, 35% used [0x00000000e0000000,0x00000000e276a088,0x00000000e6e00000)
 Metaspace       used 85226K, capacity 91830K, committed 92160K, reserved 1130496K
  class space    used 9953K, capacity 11984K, committed 12032K, reserved 1048576K
Event: 4294.847 GC heap after
Heap after GC invocations=186 (full 67):
 PSYoungGen      total 73216K, used 192K [0x00000000f5580000, 0x00000000f9e80000, 0x0000000100000000)
  eden space 71680K, 0% used [0x00000000f5580000,0x00000000f5580000,0x00000000f9b80000)
  from space 1536K, 12% used [0x00000000f9b80000,0x00000000f9bb0000,0x00000000f9d00000)
  to   space 1536K, 0% used [0x00000000f9d00000,0x00000000f9d00000,0x00000000f9e80000)
 ParOldGen       total 112640K, used 40360K [0x00000000e0000000, 0x00000000e6e00000, 0x00000000f5580000)
  object space 112640K, 35% used [0x00000000e0000000,0x00000000e276a088,0x00000000e6e00000)
 Metaspace       used 85226K, capacity 91830K, committed 92160K, reserved 1130496K
  class space    used 9953K, capacity 11984K, committed 12032K, reserved 1048576K
}
Event: 4294.847 GC heap before
{Heap before GC invocations=187 (full 68):
 PSYoungGen      total 73216K, used 192K [0x00000000f5580000, 0x00000000f9e80000, 0x0000000100000000)
  eden space 71680K, 0% used [0x00000000f5580000,0x00000000f5580000,0x00000000f9b80000)
  from space 1536K, 12% used [0x00000000f9b80000,0x00000000f9bb0000,0x00000000f9d00000)
  to   space 1536K, 0% used [0x00000000f9d00000,0x00000000f9d00000,0x00000000f9e80000)
 ParOldGen       total 112640K, used 40360K [0x00000000e0000000, 0x00000000e6e00000, 0x00000000f5580000)
  object space 112640K, 35% used [0x00000000e0000000,0x00000000e276a088,0x00000000e6e00000)
 Metaspace       used 85226K, capacity 91830K, committed 92160K, reserved 1130496K
  class space    used 9953K, capacity 11984K, committed 12032K, reserved 1048576K
Event: 4294.922 GC heap after
Heap after GC invocations=187 (full 68):
 PSYoungGen      total 73216K, used 0K [0x00000000f5580000, 0x00000000f9e80000, 0x0000000100000000)
  eden space 71680K, 0% used [0x00000000f5580000,0x00000000f5580000,0x00000000f9b80000)
  from space 1536K, 0% used [0x00000000f9b80000,0x00000000f9b80000,0x00000000f9d00000)
  to   space 1536K, 0% used [0x00000000f9d00000,0x00000000f9d00000,0x00000000f9e80000)
 ParOldGen       total 112640K, used 40228K [0x00000000e0000000, 0x00000000e6e00000, 0x00000000f5580000)
  object space 112640K, 35% used [0x00000000e0000000,0x00000000e2749280,0x00000000e6e00000)
 Metaspace       used 85226K, capacity 91830K, committed 92160K, reserved 1130496K
  class space    used 9953K, capacity 11984K, committed 12032K, reserved 1048576K
}

